[0.019s] Invoking command in '/root/ros2_ws/build/ublox': CMAKE_PREFIX_PATH=/root/ros2_ws/install/ublox_gps:/root/ros2_ws/install/ublox_msgs:/root/ros2_ws/install/ublox_serialization:/root/ros2_ws/install/ublox:/opt/ros/jazzy/opt/gz_sim_vendor:/opt/ros/jazzy/opt/gz_sensors_vendor:/opt/ros/jazzy/opt/gz_physics_vendor:/opt/ros/jazzy/opt/sdformat_vendor:/opt/ros/jazzy/opt/gz_gui_vendor:/opt/ros/jazzy/opt/gz_transport_vendor:/opt/ros/jazzy/opt/gz_rendering_vendor:/opt/ros/jazzy/opt/gz_plugin_vendor:/opt/ros/jazzy/opt/gz_fuel_tools_vendor:/opt/ros/jazzy/opt/gz_msgs_vendor:/opt/ros/jazzy/opt/gz_common_vendor:/opt/ros/jazzy/opt/gz_math_vendor:/opt/ros/jazzy/opt/gz_utils_vendor:/opt/ros/jazzy/opt/gz_tools_vendor:/opt/ros/jazzy/opt/gz_ogre_next_vendor:/opt/ros/jazzy/opt/gz_dartsim_vendor:/opt/ros/jazzy/opt/gz_cmake_vendor:/opt/ros/jazzy /usr/bin/cmake --build /root/ros2_ws/build/ublox -- -j12 -l12
[0.071s] Invoked command in '/root/ros2_ws/build/ublox' returned '0': CMAKE_PREFIX_PATH=/root/ros2_ws/install/ublox_gps:/root/ros2_ws/install/ublox_msgs:/root/ros2_ws/install/ublox_serialization:/root/ros2_ws/install/ublox:/opt/ros/jazzy/opt/gz_sim_vendor:/opt/ros/jazzy/opt/gz_sensors_vendor:/opt/ros/jazzy/opt/gz_physics_vendor:/opt/ros/jazzy/opt/sdformat_vendor:/opt/ros/jazzy/opt/gz_gui_vendor:/opt/ros/jazzy/opt/gz_transport_vendor:/opt/ros/jazzy/opt/gz_rendering_vendor:/opt/ros/jazzy/opt/gz_plugin_vendor:/opt/ros/jazzy/opt/gz_fuel_tools_vendor:/opt/ros/jazzy/opt/gz_msgs_vendor:/opt/ros/jazzy/opt/gz_common_vendor:/opt/ros/jazzy/opt/gz_math_vendor:/opt/ros/jazzy/opt/gz_utils_vendor:/opt/ros/jazzy/opt/gz_tools_vendor:/opt/ros/jazzy/opt/gz_ogre_next_vendor:/opt/ros/jazzy/opt/gz_dartsim_vendor:/opt/ros/jazzy/opt/gz_cmake_vendor:/opt/ros/jazzy /usr/bin/cmake --build /root/ros2_ws/build/ublox -- -j12 -l12
[0.072s] Invoking command in '/root/ros2_ws/build/ublox': CMAKE_PREFIX_PATH=/root/ros2_ws/install/ublox_gps:/root/ros2_ws/install/ublox_msgs:/root/ros2_ws/install/ublox_serialization:/root/ros2_ws/install/ublox:/opt/ros/jazzy/opt/gz_sim_vendor:/opt/ros/jazzy/opt/gz_sensors_vendor:/opt/ros/jazzy/opt/gz_physics_vendor:/opt/ros/jazzy/opt/sdformat_vendor:/opt/ros/jazzy/opt/gz_gui_vendor:/opt/ros/jazzy/opt/gz_transport_vendor:/opt/ros/jazzy/opt/gz_rendering_vendor:/opt/ros/jazzy/opt/gz_plugin_vendor:/opt/ros/jazzy/opt/gz_fuel_tools_vendor:/opt/ros/jazzy/opt/gz_msgs_vendor:/opt/ros/jazzy/opt/gz_common_vendor:/opt/ros/jazzy/opt/gz_math_vendor:/opt/ros/jazzy/opt/gz_utils_vendor:/opt/ros/jazzy/opt/gz_tools_vendor:/opt/ros/jazzy/opt/gz_ogre_next_vendor:/opt/ros/jazzy/opt/gz_dartsim_vendor:/opt/ros/jazzy/opt/gz_cmake_vendor:/opt/ros/jazzy /usr/bin/cmake --install /root/ros2_ws/build/ublox
[0.084s] -- Install configuration: ""
[0.084s] -- Up-to-date: /root/ros2_ws/install/ublox/share/ament_index/resource_index/package_run_dependencies/ublox
[0.084s] -- Up-to-date: /root/ros2_ws/install/ublox/share/ament_index/resource_index/parent_prefix_path/ublox
[0.084s] -- Up-to-date: /root/ros2_ws/install/ublox/share/ublox/environment/ament_prefix_path.sh
[0.084s] -- Up-to-date: /root/ros2_ws/install/ublox/share/ublox/environment/ament_prefix_path.dsv
[0.085s] -- Up-to-date: /root/ros2_ws/install/ublox/share/ublox/environment/path.sh
[0.085s] -- Up-to-date: /root/ros2_ws/install/ublox/share/ublox/environment/path.dsv
[0.085s] -- Up-to-date: /root/ros2_ws/install/ublox/share/ublox/local_setup.bash
[0.085s] -- Up-to-date: /root/ros2_ws/install/ublox/share/ublox/local_setup.sh
[0.085s] -- Up-to-date: /root/ros2_ws/install/ublox/share/ublox/local_setup.zsh
[0.085s] -- Up-to-date: /root/ros2_ws/install/ublox/share/ublox/local_setup.dsv
[0.085s] -- Installing: /root/ros2_ws/install/ublox/share/ublox/package.dsv
[0.085s] -- Up-to-date: /root/ros2_ws/install/ublox/share/ament_index/resource_index/packages/ublox
[0.085s] -- Up-to-date: /root/ros2_ws/install/ublox/share/ublox/cmake/ubloxConfig.cmake
[0.085s] -- Up-to-date: /root/ros2_ws/install/ublox/share/ublox/cmake/ubloxConfig-version.cmake
[0.085s] -- Up-to-date: /root/ros2_ws/install/ublox/share/ublox/package.xml
[0.087s] Invoked command in '/root/ros2_ws/build/ublox' returned '0': CMAKE_PREFIX_PATH=/root/ros2_ws/install/ublox_gps:/root/ros2_ws/install/ublox_msgs:/root/ros2_ws/install/ublox_serialization:/root/ros2_ws/install/ublox:/opt/ros/jazzy/opt/gz_sim_vendor:/opt/ros/jazzy/opt/gz_sensors_vendor:/opt/ros/jazzy/opt/gz_physics_vendor:/opt/ros/jazzy/opt/sdformat_vendor:/opt/ros/jazzy/opt/gz_gui_vendor:/opt/ros/jazzy/opt/gz_transport_vendor:/opt/ros/jazzy/opt/gz_rendering_vendor:/opt/ros/jazzy/opt/gz_plugin_vendor:/opt/ros/jazzy/opt/gz_fuel_tools_vendor:/opt/ros/jazzy/opt/gz_msgs_vendor:/opt/ros/jazzy/opt/gz_common_vendor:/opt/ros/jazzy/opt/gz_math_vendor:/opt/ros/jazzy/opt/gz_utils_vendor:/opt/ros/jazzy/opt/gz_tools_vendor:/opt/ros/jazzy/opt/gz_ogre_next_vendor:/opt/ros/jazzy/opt/gz_dartsim_vendor:/opt/ros/jazzy/opt/gz_cmake_vendor:/opt/ros/jazzy /usr/bin/cmake --install /root/ros2_ws/build/ublox
