[0.014s] Invoking command in '/root/ros2_ws/build/ublox_gps': AMENT_PREFIX_PATH=/root/ros2_ws/install/ublox_msgs:/root/ros2_ws/install/ublox_serialization:${AMENT_PREFIX_PATH} CMAKE_PREFIX_PATH=/root/ros2_ws/install/ublox_msgs:/root/ros2_ws/install/ublox_serialization:/opt/ros/jazzy/opt/gz_sim_vendor:/opt/ros/jazzy/opt/gz_sensors_vendor:/opt/ros/jazzy/opt/gz_physics_vendor:/opt/ros/jazzy/opt/sdformat_vendor:/opt/ros/jazzy/opt/gz_gui_vendor:/opt/ros/jazzy/opt/gz_transport_vendor:/opt/ros/jazzy/opt/gz_rendering_vendor:/opt/ros/jazzy/opt/gz_plugin_vendor:/opt/ros/jazzy/opt/gz_fuel_tools_vendor:/opt/ros/jazzy/opt/gz_msgs_vendor:/opt/ros/jazzy/opt/gz_common_vendor:/opt/ros/jazzy/opt/gz_math_vendor:/opt/ros/jazzy/opt/gz_utils_vendor:/opt/ros/jazzy/opt/gz_tools_vendor:/opt/ros/jazzy/opt/gz_ogre_next_vendor:/opt/ros/jazzy/opt/gz_dartsim_vendor:/opt/ros/jazzy/opt/gz_cmake_vendor:/opt/ros/jazzy LD_LIBRARY_PATH=/root/ros2_ws/install/ublox_msgs/lib:${LD_LIBRARY_PATH} PYTHONPATH=/root/ros2_ws/install/ublox_msgs/lib/python3.12/site-packages:${PYTHONPATH} /usr/bin/cmake --build /root/ros2_ws/build/ublox_gps -- -j12 -l12
[0.052s] -- Found ament_cmake_ros: 0.12.0 (/opt/ros/jazzy/share/ament_cmake_ros/cmake)
[0.290s] -- Found diagnostic_msgs: 5.3.5 (/opt/ros/jazzy/share/diagnostic_msgs/cmake)
[0.320s] -- Found rosidl_generator_c: 4.6.4 (/opt/ros/jazzy/share/rosidl_generator_c/cmake)
[0.329s] -- Found rosidl_generator_cpp: 4.6.4 (/opt/ros/jazzy/share/rosidl_generator_cpp/cmake)
[0.342s] -- Using all available rosidl_typesupport_c: rosidl_typesupport_fastrtps_c;rosidl_typesupport_introspection_c
[0.359s] -- Using all available rosidl_typesupport_cpp: rosidl_typesupport_fastrtps_cpp;rosidl_typesupport_introspection_cpp
[0.431s] -- Found diagnostic_updater: 4.2.1 (/opt/ros/jazzy/share/diagnostic_updater/cmake)
[0.479s] -- Found rmw_implementation_cmake: 7.3.1 (/opt/ros/jazzy/share/rmw_implementation_cmake/cmake)
[0.481s] -- Found rmw_fastrtps_cpp: 8.4.1 (/opt/ros/jazzy/share/rmw_fastrtps_cpp/cmake)
[0.550s] -- Using RMW implementation 'rmw_fastrtps_cpp' as default
[0.629s] -- Found geometry_msgs: 5.3.5 (/opt/ros/jazzy/share/geometry_msgs/cmake)
[0.644s] -- Found rclcpp_components: 28.1.5 (/opt/ros/jazzy/share/rclcpp_components/cmake)
[0.683s] -- Found sensor_msgs: 5.3.5 (/opt/ros/jazzy/share/sensor_msgs/cmake)
[0.714s] -- Found tf2: 0.36.4 (/opt/ros/jazzy/share/tf2/cmake)
[0.718s] -- Found ublox_msgs: 2.2.0 (/root/ros2_ws/install/ublox_msgs/share/ublox_msgs/cmake)
[0.851s] -- Configuring done (0.8s)
[0.879s] -- Generating done (0.0s)
[0.888s] -- Build files have been written to: /root/ros2_ws/build/ublox_gps
[0.948s] [ 13%] Built target ublox_logger_node
[1.035s] [ 90%] Built target ublox_gps
[1.092s] [100%] Built target ublox_gps_node
[1.110s] Invoked command in '/root/ros2_ws/build/ublox_gps' returned '0': AMENT_PREFIX_PATH=/root/ros2_ws/install/ublox_msgs:/root/ros2_ws/install/ublox_serialization:${AMENT_PREFIX_PATH} CMAKE_PREFIX_PATH=/root/ros2_ws/install/ublox_msgs:/root/ros2_ws/install/ublox_serialization:/opt/ros/jazzy/opt/gz_sim_vendor:/opt/ros/jazzy/opt/gz_sensors_vendor:/opt/ros/jazzy/opt/gz_physics_vendor:/opt/ros/jazzy/opt/sdformat_vendor:/opt/ros/jazzy/opt/gz_gui_vendor:/opt/ros/jazzy/opt/gz_transport_vendor:/opt/ros/jazzy/opt/gz_rendering_vendor:/opt/ros/jazzy/opt/gz_plugin_vendor:/opt/ros/jazzy/opt/gz_fuel_tools_vendor:/opt/ros/jazzy/opt/gz_msgs_vendor:/opt/ros/jazzy/opt/gz_common_vendor:/opt/ros/jazzy/opt/gz_math_vendor:/opt/ros/jazzy/opt/gz_utils_vendor:/opt/ros/jazzy/opt/gz_tools_vendor:/opt/ros/jazzy/opt/gz_ogre_next_vendor:/opt/ros/jazzy/opt/gz_dartsim_vendor:/opt/ros/jazzy/opt/gz_cmake_vendor:/opt/ros/jazzy LD_LIBRARY_PATH=/root/ros2_ws/install/ublox_msgs/lib:${LD_LIBRARY_PATH} PYTHONPATH=/root/ros2_ws/install/ublox_msgs/lib/python3.12/site-packages:${PYTHONPATH} /usr/bin/cmake --build /root/ros2_ws/build/ublox_gps -- -j12 -l12
[1.112s] Invoking command in '/root/ros2_ws/build/ublox_gps': AMENT_PREFIX_PATH=/root/ros2_ws/install/ublox_msgs:/root/ros2_ws/install/ublox_serialization:${AMENT_PREFIX_PATH} CMAKE_PREFIX_PATH=/root/ros2_ws/install/ublox_msgs:/root/ros2_ws/install/ublox_serialization:/opt/ros/jazzy/opt/gz_sim_vendor:/opt/ros/jazzy/opt/gz_sensors_vendor:/opt/ros/jazzy/opt/gz_physics_vendor:/opt/ros/jazzy/opt/sdformat_vendor:/opt/ros/jazzy/opt/gz_gui_vendor:/opt/ros/jazzy/opt/gz_transport_vendor:/opt/ros/jazzy/opt/gz_rendering_vendor:/opt/ros/jazzy/opt/gz_plugin_vendor:/opt/ros/jazzy/opt/gz_fuel_tools_vendor:/opt/ros/jazzy/opt/gz_msgs_vendor:/opt/ros/jazzy/opt/gz_common_vendor:/opt/ros/jazzy/opt/gz_math_vendor:/opt/ros/jazzy/opt/gz_utils_vendor:/opt/ros/jazzy/opt/gz_tools_vendor:/opt/ros/jazzy/opt/gz_ogre_next_vendor:/opt/ros/jazzy/opt/gz_dartsim_vendor:/opt/ros/jazzy/opt/gz_cmake_vendor:/opt/ros/jazzy LD_LIBRARY_PATH=/root/ros2_ws/install/ublox_msgs/lib:${LD_LIBRARY_PATH} PYTHONPATH=/root/ros2_ws/install/ublox_msgs/lib/python3.12/site-packages:${PYTHONPATH} /usr/bin/cmake --install /root/ros2_ws/build/ublox_gps
[1.125s] -- Install configuration: ""
[1.126s] -- Up-to-date: /root/ros2_ws/install/ublox_gps/lib/libublox_gps.so
[1.126s] -- Up-to-date: /root/ros2_ws/install/ublox_gps/lib/ublox_gps/ublox_gps_node
[1.127s] -- Up-to-date: /root/ros2_ws/install/ublox_gps/lib/ublox_gps/ublox_logger
[1.127s] -- Up-to-date: /root/ros2_ws/install/ublox_gps/include
[1.127s] -- Up-to-date: /root/ros2_ws/install/ublox_gps/include/ublox_gps
[1.128s] -- Up-to-date: /root/ros2_ws/install/ublox_gps/include/ublox_gps/raw_data_pa.hpp
[1.128s] -- Up-to-date: /root/ros2_ws/install/ublox_gps/include/ublox_gps/fix_diagnostic.hpp
[1.128s] -- Up-to-date: /root/ros2_ws/install/ublox_gps/include/ublox_gps/utils.hpp
[1.128s] -- Up-to-date: /root/ros2_ws/install/ublox_gps/include/ublox_gps/ublox_topic_diagnostic.hpp
[1.128s] -- Up-to-date: /root/ros2_ws/install/ublox_gps/include/ublox_gps/mkgmtime.h
[1.128s] -- Up-to-date: /root/ros2_ws/install/ublox_gps/include/ublox_gps/node.hpp
[1.128s] -- Up-to-date: /root/ros2_ws/install/ublox_gps/include/ublox_gps/ublox_firmware7plus.hpp
[1.129s] -- Up-to-date: /root/ros2_ws/install/ublox_gps/include/ublox_gps/fts_product.hpp
[1.129s] -- Up-to-date: /root/ros2_ws/install/ublox_gps/include/ublox_gps/ublox_firmware6.hpp
[1.129s] -- Up-to-date: /root/ros2_ws/install/ublox_gps/include/ublox_gps/component_interface.hpp
[1.129s] -- Up-to-date: /root/ros2_ws/install/ublox_gps/include/ublox_gps/rtcm.hpp
[1.129s] -- Up-to-date: /root/ros2_ws/install/ublox_gps/include/ublox_gps/ublox_firmware7.hpp
[1.129s] -- Up-to-date: /root/ros2_ws/install/ublox_gps/include/ublox_gps/ublox_firmware.hpp
[1.130s] -- Up-to-date: /root/ros2_ws/install/ublox_gps/include/ublox_gps/hpg_rov_product.hpp
[1.130s] -- Up-to-date: /root/ros2_ws/install/ublox_gps/include/ublox_gps/gps.hpp
[1.130s] -- Up-to-date: /root/ros2_ws/install/ublox_gps/include/ublox_gps/adr_udr_product.hpp
[1.130s] -- Up-to-date: /root/ros2_ws/install/ublox_gps/include/ublox_gps/ublox_firmware8.hpp
[1.130s] -- Up-to-date: /root/ros2_ws/install/ublox_gps/include/ublox_gps/async_worker.hpp
[1.130s] -- Up-to-date: /root/ros2_ws/install/ublox_gps/include/ublox_gps/ublox_firmware9.hpp
[1.130s] -- Up-to-date: /root/ros2_ws/install/ublox_gps/include/ublox_gps/callback.hpp
[1.130s] -- Up-to-date: /root/ros2_ws/install/ublox_gps/include/ublox_gps/raw_data_product.hpp
[1.130s] -- Up-to-date: /root/ros2_ws/install/ublox_gps/include/ublox_gps/tim_product.hpp
[1.131s] -- Up-to-date: /root/ros2_ws/install/ublox_gps/include/ublox_gps/worker.hpp
[1.131s] -- Up-to-date: /root/ros2_ws/install/ublox_gps/include/ublox_gps/hp_pos_rec_product.hpp
[1.131s] -- Up-to-date: /root/ros2_ws/install/ublox_gps/include/ublox_gps/hpg_ref_product.hpp
[1.131s] -- Up-to-date: /root/ros2_ws/install/ublox_gps/include/ublox_gps/gnss.hpp
[1.131s] -- Up-to-date: /root/ros2_ws/install/ublox_gps/share/ublox_gps/launch
[1.131s] -- Up-to-date: /root/ros2_ws/install/ublox_gps/share/ublox_gps/launch/ublox_gps_node_zedf9p-launch.py
[1.132s] -- Up-to-date: /root/ros2_ws/install/ublox_gps/share/ublox_gps/launch/ublox_gps_node-composed-launch.py
[1.132s] -- Up-to-date: /root/ros2_ws/install/ublox_gps/share/ublox_gps/launch/__pycache__
[1.132s] -- Up-to-date: /root/ros2_ws/install/ublox_gps/share/ublox_gps/launch/__pycache__/ublox_gps_node_zedf9p-launch.cpython-312.pyc
[1.132s] -- Up-to-date: /root/ros2_ws/install/ublox_gps/share/ublox_gps/launch/__pycache__/ublox_gps_node-composed-launch.cpython-312.pyc
[1.133s] -- Up-to-date: /root/ros2_ws/install/ublox_gps/share/ublox_gps/config
[1.133s] -- Up-to-date: /root/ros2_ws/install/ublox_gps/share/ublox_gps/config/zed_f9p.yaml
[1.133s] -- Up-to-date: /root/ros2_ws/install/ublox_gps/share/ament_index/resource_index/package_run_dependencies/ublox_gps
[1.133s] -- Up-to-date: /root/ros2_ws/install/ublox_gps/share/ament_index/resource_index/parent_prefix_path/ublox_gps
[1.134s] -- Up-to-date: /root/ros2_ws/install/ublox_gps/share/ublox_gps/environment/ament_prefix_path.sh
[1.134s] -- Up-to-date: /root/ros2_ws/install/ublox_gps/share/ublox_gps/environment/ament_prefix_path.dsv
[1.134s] -- Up-to-date: /root/ros2_ws/install/ublox_gps/share/ublox_gps/environment/path.sh
[1.134s] -- Up-to-date: /root/ros2_ws/install/ublox_gps/share/ublox_gps/environment/path.dsv
[1.135s] -- Up-to-date: /root/ros2_ws/install/ublox_gps/share/ublox_gps/local_setup.bash
[1.135s] -- Up-to-date: /root/ros2_ws/install/ublox_gps/share/ublox_gps/local_setup.sh
[1.135s] -- Up-to-date: /root/ros2_ws/install/ublox_gps/share/ublox_gps/local_setup.zsh
[1.135s] -- Up-to-date: /root/ros2_ws/install/ublox_gps/share/ublox_gps/local_setup.dsv
[1.136s] -- Installing: /root/ros2_ws/install/ublox_gps/share/ublox_gps/package.dsv
[1.136s] -- Up-to-date: /root/ros2_ws/install/ublox_gps/share/ament_index/resource_index/packages/ublox_gps
[1.136s] -- Up-to-date: /root/ros2_ws/install/ublox_gps/share/ament_index/resource_index/rclcpp_components/ublox_gps
[1.137s] -- Up-to-date: /root/ros2_ws/install/ublox_gps/share/ublox_gps/cmake/ublox_gpsConfig.cmake
[1.137s] -- Up-to-date: /root/ros2_ws/install/ublox_gps/share/ublox_gps/cmake/ublox_gpsConfig-version.cmake
[1.137s] -- Up-to-date: /root/ros2_ws/install/ublox_gps/share/ublox_gps/package.xml
[1.138s] Invoked command in '/root/ros2_ws/build/ublox_gps' returned '0': AMENT_PREFIX_PATH=/root/ros2_ws/install/ublox_msgs:/root/ros2_ws/install/ublox_serialization:${AMENT_PREFIX_PATH} CMAKE_PREFIX_PATH=/root/ros2_ws/install/ublox_msgs:/root/ros2_ws/install/ublox_serialization:/opt/ros/jazzy/opt/gz_sim_vendor:/opt/ros/jazzy/opt/gz_sensors_vendor:/opt/ros/jazzy/opt/gz_physics_vendor:/opt/ros/jazzy/opt/sdformat_vendor:/opt/ros/jazzy/opt/gz_gui_vendor:/opt/ros/jazzy/opt/gz_transport_vendor:/opt/ros/jazzy/opt/gz_rendering_vendor:/opt/ros/jazzy/opt/gz_plugin_vendor:/opt/ros/jazzy/opt/gz_fuel_tools_vendor:/opt/ros/jazzy/opt/gz_msgs_vendor:/opt/ros/jazzy/opt/gz_common_vendor:/opt/ros/jazzy/opt/gz_math_vendor:/opt/ros/jazzy/opt/gz_utils_vendor:/opt/ros/jazzy/opt/gz_tools_vendor:/opt/ros/jazzy/opt/gz_ogre_next_vendor:/opt/ros/jazzy/opt/gz_dartsim_vendor:/opt/ros/jazzy/opt/gz_cmake_vendor:/opt/ros/jazzy LD_LIBRARY_PATH=/root/ros2_ws/install/ublox_msgs/lib:${LD_LIBRARY_PATH} PYTHONPATH=/root/ros2_ws/install/ublox_msgs/lib/python3.12/site-packages:${PYTHONPATH} /usr/bin/cmake --install /root/ros2_ws/build/ublox_gps
