[0.106s] DEBUG:colcon:Command line arguments: ['/usr/bin/colcon', 'build']
[0.106s] DEBUG:colcon:Parsed command line arguments: Namespace(log_base=None, log_level=None, verb_name='build', build_base='build', install_base='install', merge_install=False, symlink_install=False, test_result_base=None, continue_on_error=False, executor='parallel', parallel_workers=12, event_handlers=None, ignore_user_meta=False, metas=['./colcon.meta'], base_paths=['.'], packages_ignore=None, packages_ignore_regex=None, paths=None, packages_up_to=None, packages_up_to_regex=None, packages_above=None, packages_above_and_dependencies=None, packages_above_depth=None, packages_select_by_dep=None, packages_skip_by_dep=None, packages_skip_up_to=None, packages_select_build_failed=False, packages_skip_build_finished=False, packages_select_test_failures=False, packages_skip_test_passed=False, packages_select=None, packages_skip=None, packages_select_regex=None, packages_skip_regex=None, packages_start=None, packages_end=None, cmake_args=None, cmake_target=None, cmake_target_skip_unavailable=False, cmake_clean_cache=False, cmake_clean_first=False, cmake_force_configure=False, ament_cmake_args=None, catkin_cmake_args=None, catkin_skip_building_tests=False, mixin_files=None, mixin=None, verb_parser=<colcon_mixin.mixin.mixin_argument.MixinArgumentDecorator object at 0x7bd1c001fce0>, verb_extension=<colcon_core.verb.build.BuildVerb object at 0x7bd1c001fa10>, main=<bound method BuildVerb.main of <colcon_core.verb.build.BuildVerb object at 0x7bd1c001fa10>>, mixin_verb=('build',))
[0.141s] Level 1:colcon.colcon_core.package_discovery:discover_packages(colcon_meta) check parameters
[0.142s] INFO:colcon.colcon_metadata.package_discovery.colcon_meta:Using configuration from '/root/.colcon/metadata/default/Gazebo.meta'
[0.142s] INFO:colcon.colcon_metadata.package_discovery.colcon_meta:Using configuration from '/root/.colcon/metadata/default/fastrtps.meta'
[0.142s] Level 1:colcon.colcon_core.package_discovery:discover_packages(recursive) check parameters
[0.142s] Level 1:colcon.colcon_core.package_discovery:discover_packages(ignore) check parameters
[0.142s] Level 1:colcon.colcon_core.package_discovery:discover_packages(path) check parameters
[0.142s] Level 1:colcon.colcon_core.package_discovery:discover_packages(colcon_meta) discover
[0.142s] Level 1:colcon.colcon_core.package_discovery:discover_packages(recursive) discover
[0.142s] INFO:colcon.colcon_core.package_discovery:Crawling recursively for packages in '/root/ros2_ws'
[0.142s] Level 1:colcon.colcon_core.package_identification:_identify(.) by extensions ['ignore', 'ignore_ament_install']
[0.143s] Level 1:colcon.colcon_core.package_identification:_identify(.) by extension 'ignore'
[0.143s] Level 1:colcon.colcon_core.package_identification:_identify(.) by extension 'ignore_ament_install'
[0.143s] Level 1:colcon.colcon_core.package_identification:_identify(.) by extensions ['colcon_pkg']
[0.143s] Level 1:colcon.colcon_core.package_identification:_identify(.) by extension 'colcon_pkg'
[0.143s] Level 1:colcon.colcon_core.package_identification:_identify(.) by extensions ['colcon_meta']
[0.143s] Level 1:colcon.colcon_core.package_identification:_identify(.) by extension 'colcon_meta'
[0.143s] Level 1:colcon.colcon_core.package_identification:_identify(.) by extensions ['ros']
[0.143s] Level 1:colcon.colcon_core.package_identification:_identify(.) by extension 'ros'
[0.165s] Level 1:colcon.colcon_core.package_identification:_identify(.) by extensions ['cmake', 'python']
[0.165s] Level 1:colcon.colcon_core.package_identification:_identify(.) by extension 'cmake'
[0.165s] Level 1:colcon.colcon_core.package_identification:_identify(.) by extension 'python'
[0.165s] Level 1:colcon.colcon_core.package_identification:_identify(.) by extensions ['python_setup_py']
[0.165s] Level 1:colcon.colcon_core.package_identification:_identify(.) by extension 'python_setup_py'
[0.165s] Level 1:colcon.colcon_core.package_identification:_identify(build) by extensions ['ignore', 'ignore_ament_install']
[0.165s] Level 1:colcon.colcon_core.package_identification:_identify(build) by extension 'ignore'
[0.165s] Level 1:colcon.colcon_core.package_identification:_identify(build) ignored
[0.165s] Level 1:colcon.colcon_core.package_identification:_identify(install) by extensions ['ignore', 'ignore_ament_install']
[0.165s] Level 1:colcon.colcon_core.package_identification:_identify(install) by extension 'ignore'
[0.165s] Level 1:colcon.colcon_core.package_identification:_identify(install) ignored
[0.166s] Level 1:colcon.colcon_core.package_identification:_identify(log) by extensions ['ignore', 'ignore_ament_install']
[0.166s] Level 1:colcon.colcon_core.package_identification:_identify(log) by extension 'ignore'
[0.166s] Level 1:colcon.colcon_core.package_identification:_identify(log) ignored
[0.166s] Level 1:colcon.colcon_core.package_identification:_identify(ros2_jazzy_ws) by extensions ['ignore', 'ignore_ament_install']
[0.166s] Level 1:colcon.colcon_core.package_identification:_identify(ros2_jazzy_ws) by extension 'ignore'
[0.166s] Level 1:colcon.colcon_core.package_identification:_identify(ros2_jazzy_ws) by extension 'ignore_ament_install'
[0.166s] Level 1:colcon.colcon_core.package_identification:_identify(ros2_jazzy_ws) by extensions ['colcon_pkg']
[0.166s] Level 1:colcon.colcon_core.package_identification:_identify(ros2_jazzy_ws) by extension 'colcon_pkg'
[0.166s] Level 1:colcon.colcon_core.package_identification:_identify(ros2_jazzy_ws) by extensions ['colcon_meta']
[0.166s] Level 1:colcon.colcon_core.package_identification:_identify(ros2_jazzy_ws) by extension 'colcon_meta'
[0.166s] Level 1:colcon.colcon_core.package_identification:_identify(ros2_jazzy_ws) by extensions ['ros']
[0.166s] Level 1:colcon.colcon_core.package_identification:_identify(ros2_jazzy_ws) by extension 'ros'
[0.166s] Level 1:colcon.colcon_core.package_identification:_identify(ros2_jazzy_ws) by extensions ['cmake', 'python']
[0.166s] Level 1:colcon.colcon_core.package_identification:_identify(ros2_jazzy_ws) by extension 'cmake'
[0.166s] Level 1:colcon.colcon_core.package_identification:_identify(ros2_jazzy_ws) by extension 'python'
[0.166s] Level 1:colcon.colcon_core.package_identification:_identify(ros2_jazzy_ws) by extensions ['python_setup_py']
[0.166s] Level 1:colcon.colcon_core.package_identification:_identify(ros2_jazzy_ws) by extension 'python_setup_py'
[0.166s] Level 1:colcon.colcon_core.package_identification:_identify(src) by extensions ['ignore', 'ignore_ament_install']
[0.166s] Level 1:colcon.colcon_core.package_identification:_identify(src) by extension 'ignore'
[0.167s] Level 1:colcon.colcon_core.package_identification:_identify(src) by extension 'ignore_ament_install'
[0.167s] Level 1:colcon.colcon_core.package_identification:_identify(src) by extensions ['colcon_pkg']
[0.167s] Level 1:colcon.colcon_core.package_identification:_identify(src) by extension 'colcon_pkg'
[0.167s] Level 1:colcon.colcon_core.package_identification:_identify(src) by extensions ['colcon_meta']
[0.167s] Level 1:colcon.colcon_core.package_identification:_identify(src) by extension 'colcon_meta'
[0.167s] Level 1:colcon.colcon_core.package_identification:_identify(src) by extensions ['ros']
[0.167s] Level 1:colcon.colcon_core.package_identification:_identify(src) by extension 'ros'
[0.167s] Level 1:colcon.colcon_core.package_identification:_identify(src) by extensions ['cmake', 'python']
[0.167s] Level 1:colcon.colcon_core.package_identification:_identify(src) by extension 'cmake'
[0.167s] Level 1:colcon.colcon_core.package_identification:_identify(src) by extension 'python'
[0.167s] Level 1:colcon.colcon_core.package_identification:_identify(src) by extensions ['python_setup_py']
[0.167s] Level 1:colcon.colcon_core.package_identification:_identify(src) by extension 'python_setup_py'
[0.167s] Level 1:colcon.colcon_core.package_identification:_identify(src/ros2-ublox-zedf9p) by extensions ['ignore', 'ignore_ament_install']
[0.167s] Level 1:colcon.colcon_core.package_identification:_identify(src/ros2-ublox-zedf9p) by extension 'ignore'
[0.167s] Level 1:colcon.colcon_core.package_identification:_identify(src/ros2-ublox-zedf9p) by extension 'ignore_ament_install'
[0.167s] Level 1:colcon.colcon_core.package_identification:_identify(src/ros2-ublox-zedf9p) by extensions ['colcon_pkg']
[0.167s] Level 1:colcon.colcon_core.package_identification:_identify(src/ros2-ublox-zedf9p) by extension 'colcon_pkg'
[0.167s] Level 1:colcon.colcon_core.package_identification:_identify(src/ros2-ublox-zedf9p) by extensions ['colcon_meta']
[0.167s] Level 1:colcon.colcon_core.package_identification:_identify(src/ros2-ublox-zedf9p) by extension 'colcon_meta'
[0.167s] Level 1:colcon.colcon_core.package_identification:_identify(src/ros2-ublox-zedf9p) by extensions ['ros']
[0.167s] Level 1:colcon.colcon_core.package_identification:_identify(src/ros2-ublox-zedf9p) by extension 'ros'
[0.167s] Level 1:colcon.colcon_core.package_identification:_identify(src/ros2-ublox-zedf9p) by extensions ['cmake', 'python']
[0.167s] Level 1:colcon.colcon_core.package_identification:_identify(src/ros2-ublox-zedf9p) by extension 'cmake'
[0.167s] Level 1:colcon.colcon_core.package_identification:_identify(src/ros2-ublox-zedf9p) by extension 'python'
[0.167s] Level 1:colcon.colcon_core.package_identification:_identify(src/ros2-ublox-zedf9p) by extensions ['python_setup_py']
[0.168s] Level 1:colcon.colcon_core.package_identification:_identify(src/ros2-ublox-zedf9p) by extension 'python_setup_py'
[0.168s] Level 1:colcon.colcon_core.package_identification:_identify(src/ros2-ublox-zedf9p/pics) by extensions ['ignore', 'ignore_ament_install']
[0.168s] Level 1:colcon.colcon_core.package_identification:_identify(src/ros2-ublox-zedf9p/pics) by extension 'ignore'
[0.168s] Level 1:colcon.colcon_core.package_identification:_identify(src/ros2-ublox-zedf9p/pics) by extension 'ignore_ament_install'
[0.168s] Level 1:colcon.colcon_core.package_identification:_identify(src/ros2-ublox-zedf9p/pics) by extensions ['colcon_pkg']
[0.168s] Level 1:colcon.colcon_core.package_identification:_identify(src/ros2-ublox-zedf9p/pics) by extension 'colcon_pkg'
[0.168s] Level 1:colcon.colcon_core.package_identification:_identify(src/ros2-ublox-zedf9p/pics) by extensions ['colcon_meta']
[0.168s] Level 1:colcon.colcon_core.package_identification:_identify(src/ros2-ublox-zedf9p/pics) by extension 'colcon_meta'
[0.168s] Level 1:colcon.colcon_core.package_identification:_identify(src/ros2-ublox-zedf9p/pics) by extensions ['ros']
[0.168s] Level 1:colcon.colcon_core.package_identification:_identify(src/ros2-ublox-zedf9p/pics) by extension 'ros'
[0.168s] Level 1:colcon.colcon_core.package_identification:_identify(src/ros2-ublox-zedf9p/pics) by extensions ['cmake', 'python']
[0.168s] Level 1:colcon.colcon_core.package_identification:_identify(src/ros2-ublox-zedf9p/pics) by extension 'cmake'
[0.168s] Level 1:colcon.colcon_core.package_identification:_identify(src/ros2-ublox-zedf9p/pics) by extension 'python'
[0.168s] Level 1:colcon.colcon_core.package_identification:_identify(src/ros2-ublox-zedf9p/pics) by extensions ['python_setup_py']
[0.168s] Level 1:colcon.colcon_core.package_identification:_identify(src/ros2-ublox-zedf9p/pics) by extension 'python_setup_py'
[0.168s] Level 1:colcon.colcon_core.package_identification:_identify(src/ros2-ublox-zedf9p/ublox) by extensions ['ignore', 'ignore_ament_install']
[0.168s] Level 1:colcon.colcon_core.package_identification:_identify(src/ros2-ublox-zedf9p/ublox) by extension 'ignore'
[0.168s] Level 1:colcon.colcon_core.package_identification:_identify(src/ros2-ublox-zedf9p/ublox) by extension 'ignore_ament_install'
[0.168s] Level 1:colcon.colcon_core.package_identification:_identify(src/ros2-ublox-zedf9p/ublox) by extensions ['colcon_pkg']
[0.168s] Level 1:colcon.colcon_core.package_identification:_identify(src/ros2-ublox-zedf9p/ublox) by extension 'colcon_pkg'
[0.168s] Level 1:colcon.colcon_core.package_identification:_identify(src/ros2-ublox-zedf9p/ublox) by extensions ['colcon_meta']
[0.168s] Level 1:colcon.colcon_core.package_identification:_identify(src/ros2-ublox-zedf9p/ublox) by extension 'colcon_meta'
[0.168s] Level 1:colcon.colcon_core.package_identification:_identify(src/ros2-ublox-zedf9p/ublox) by extensions ['ros']
[0.169s] Level 1:colcon.colcon_core.package_identification:_identify(src/ros2-ublox-zedf9p/ublox) by extension 'ros'
[0.171s] DEBUG:colcon.colcon_core.package_identification:Package 'src/ros2-ublox-zedf9p/ublox' with type 'ros.ament_cmake' and name 'ublox'
[0.171s] Level 1:colcon.colcon_core.package_identification:_identify(src/ros2-ublox-zedf9p/ublox_gps) by extensions ['ignore', 'ignore_ament_install']
[0.171s] Level 1:colcon.colcon_core.package_identification:_identify(src/ros2-ublox-zedf9p/ublox_gps) by extension 'ignore'
[0.171s] Level 1:colcon.colcon_core.package_identification:_identify(src/ros2-ublox-zedf9p/ublox_gps) by extension 'ignore_ament_install'
[0.171s] Level 1:colcon.colcon_core.package_identification:_identify(src/ros2-ublox-zedf9p/ublox_gps) by extensions ['colcon_pkg']
[0.171s] Level 1:colcon.colcon_core.package_identification:_identify(src/ros2-ublox-zedf9p/ublox_gps) by extension 'colcon_pkg'
[0.171s] Level 1:colcon.colcon_core.package_identification:_identify(src/ros2-ublox-zedf9p/ublox_gps) by extensions ['colcon_meta']
[0.171s] Level 1:colcon.colcon_core.package_identification:_identify(src/ros2-ublox-zedf9p/ublox_gps) by extension 'colcon_meta'
[0.171s] Level 1:colcon.colcon_core.package_identification:_identify(src/ros2-ublox-zedf9p/ublox_gps) by extensions ['ros']
[0.171s] Level 1:colcon.colcon_core.package_identification:_identify(src/ros2-ublox-zedf9p/ublox_gps) by extension 'ros'
[0.172s] DEBUG:colcon.colcon_core.package_identification:Package 'src/ros2-ublox-zedf9p/ublox_gps' with type 'ros.ament_cmake' and name 'ublox_gps'
[0.172s] Level 1:colcon.colcon_core.package_identification:_identify(src/ros2-ublox-zedf9p/ublox_msgs) by extensions ['ignore', 'ignore_ament_install']
[0.172s] Level 1:colcon.colcon_core.package_identification:_identify(src/ros2-ublox-zedf9p/ublox_msgs) by extension 'ignore'
[0.173s] Level 1:colcon.colcon_core.package_identification:_identify(src/ros2-ublox-zedf9p/ublox_msgs) by extension 'ignore_ament_install'
[0.173s] Level 1:colcon.colcon_core.package_identification:_identify(src/ros2-ublox-zedf9p/ublox_msgs) by extensions ['colcon_pkg']
[0.173s] Level 1:colcon.colcon_core.package_identification:_identify(src/ros2-ublox-zedf9p/ublox_msgs) by extension 'colcon_pkg'
[0.173s] Level 1:colcon.colcon_core.package_identification:_identify(src/ros2-ublox-zedf9p/ublox_msgs) by extensions ['colcon_meta']
[0.173s] Level 1:colcon.colcon_core.package_identification:_identify(src/ros2-ublox-zedf9p/ublox_msgs) by extension 'colcon_meta'
[0.173s] Level 1:colcon.colcon_core.package_identification:_identify(src/ros2-ublox-zedf9p/ublox_msgs) by extensions ['ros']
[0.173s] Level 1:colcon.colcon_core.package_identification:_identify(src/ros2-ublox-zedf9p/ublox_msgs) by extension 'ros'
[0.173s] DEBUG:colcon.colcon_core.package_identification:Package 'src/ros2-ublox-zedf9p/ublox_msgs' with type 'ros.ament_cmake' and name 'ublox_msgs'
[0.173s] Level 1:colcon.colcon_core.package_identification:_identify(src/ros2-ublox-zedf9p/ublox_serialization) by extensions ['ignore', 'ignore_ament_install']
[0.173s] Level 1:colcon.colcon_core.package_identification:_identify(src/ros2-ublox-zedf9p/ublox_serialization) by extension 'ignore'
[0.174s] Level 1:colcon.colcon_core.package_identification:_identify(src/ros2-ublox-zedf9p/ublox_serialization) by extension 'ignore_ament_install'
[0.174s] Level 1:colcon.colcon_core.package_identification:_identify(src/ros2-ublox-zedf9p/ublox_serialization) by extensions ['colcon_pkg']
[0.174s] Level 1:colcon.colcon_core.package_identification:_identify(src/ros2-ublox-zedf9p/ublox_serialization) by extension 'colcon_pkg'
[0.174s] Level 1:colcon.colcon_core.package_identification:_identify(src/ros2-ublox-zedf9p/ublox_serialization) by extensions ['colcon_meta']
[0.174s] Level 1:colcon.colcon_core.package_identification:_identify(src/ros2-ublox-zedf9p/ublox_serialization) by extension 'colcon_meta'
[0.174s] Level 1:colcon.colcon_core.package_identification:_identify(src/ros2-ublox-zedf9p/ublox_serialization) by extensions ['ros']
[0.174s] Level 1:colcon.colcon_core.package_identification:_identify(src/ros2-ublox-zedf9p/ublox_serialization) by extension 'ros'
[0.174s] DEBUG:colcon.colcon_core.package_identification:Package 'src/ros2-ublox-zedf9p/ublox_serialization' with type 'ros.ament_cmake' and name 'ublox_serialization'
[0.174s] Level 1:colcon.colcon_core.package_discovery:discover_packages(recursive) using defaults
[0.174s] Level 1:colcon.colcon_core.package_discovery:discover_packages(ignore) discover
[0.174s] Level 1:colcon.colcon_core.package_discovery:discover_packages(ignore) using defaults
[0.174s] Level 1:colcon.colcon_core.package_discovery:discover_packages(path) discover
[0.174s] Level 1:colcon.colcon_core.package_discovery:discover_packages(path) using defaults
[0.190s] Level 5:colcon.colcon_core.verb:set package 'ublox_serialization' build argument 'cmake_args' from command line to 'None'
[0.190s] Level 5:colcon.colcon_core.verb:set package 'ublox_serialization' build argument 'cmake_target' from command line to 'None'
[0.190s] Level 5:colcon.colcon_core.verb:set package 'ublox_serialization' build argument 'cmake_target_skip_unavailable' from command line to 'False'
[0.190s] Level 5:colcon.colcon_core.verb:set package 'ublox_serialization' build argument 'cmake_clean_cache' from command line to 'False'
[0.190s] Level 5:colcon.colcon_core.verb:set package 'ublox_serialization' build argument 'cmake_clean_first' from command line to 'False'
[0.190s] Level 5:colcon.colcon_core.verb:set package 'ublox_serialization' build argument 'cmake_force_configure' from command line to 'False'
[0.190s] Level 5:colcon.colcon_core.verb:set package 'ublox_serialization' build argument 'ament_cmake_args' from command line to 'None'
[0.190s] Level 5:colcon.colcon_core.verb:set package 'ublox_serialization' build argument 'catkin_cmake_args' from command line to 'None'
[0.190s] Level 5:colcon.colcon_core.verb:set package 'ublox_serialization' build argument 'catkin_skip_building_tests' from command line to 'False'
[0.190s] DEBUG:colcon.colcon_core.verb:Building package 'ublox_serialization' with the following arguments: {'ament_cmake_args': None, 'build_base': '/root/ros2_ws/build/ublox_serialization', 'catkin_cmake_args': None, 'catkin_skip_building_tests': False, 'cmake_args': None, 'cmake_clean_cache': False, 'cmake_clean_first': False, 'cmake_force_configure': False, 'cmake_target': None, 'cmake_target_skip_unavailable': False, 'install_base': '/root/ros2_ws/install/ublox_serialization', 'merge_install': False, 'path': '/root/ros2_ws/src/ros2-ublox-zedf9p/ublox_serialization', 'symlink_install': False, 'test_result_base': None}
[0.190s] Level 5:colcon.colcon_core.verb:set package 'ublox_msgs' build argument 'cmake_args' from command line to 'None'
[0.191s] Level 5:colcon.colcon_core.verb:set package 'ublox_msgs' build argument 'cmake_target' from command line to 'None'
[0.191s] Level 5:colcon.colcon_core.verb:set package 'ublox_msgs' build argument 'cmake_target_skip_unavailable' from command line to 'False'
[0.191s] Level 5:colcon.colcon_core.verb:set package 'ublox_msgs' build argument 'cmake_clean_cache' from command line to 'False'
[0.191s] Level 5:colcon.colcon_core.verb:set package 'ublox_msgs' build argument 'cmake_clean_first' from command line to 'False'
[0.191s] Level 5:colcon.colcon_core.verb:set package 'ublox_msgs' build argument 'cmake_force_configure' from command line to 'False'
[0.191s] Level 5:colcon.colcon_core.verb:set package 'ublox_msgs' build argument 'ament_cmake_args' from command line to 'None'
[0.191s] Level 5:colcon.colcon_core.verb:set package 'ublox_msgs' build argument 'catkin_cmake_args' from command line to 'None'
[0.191s] Level 5:colcon.colcon_core.verb:set package 'ublox_msgs' build argument 'catkin_skip_building_tests' from command line to 'False'
[0.191s] DEBUG:colcon.colcon_core.verb:Building package 'ublox_msgs' with the following arguments: {'ament_cmake_args': None, 'build_base': '/root/ros2_ws/build/ublox_msgs', 'catkin_cmake_args': None, 'catkin_skip_building_tests': False, 'cmake_args': None, 'cmake_clean_cache': False, 'cmake_clean_first': False, 'cmake_force_configure': False, 'cmake_target': None, 'cmake_target_skip_unavailable': False, 'install_base': '/root/ros2_ws/install/ublox_msgs', 'merge_install': False, 'path': '/root/ros2_ws/src/ros2-ublox-zedf9p/ublox_msgs', 'symlink_install': False, 'test_result_base': None}
[0.191s] Level 5:colcon.colcon_core.verb:set package 'ublox_gps' build argument 'cmake_args' from command line to 'None'
[0.191s] Level 5:colcon.colcon_core.verb:set package 'ublox_gps' build argument 'cmake_target' from command line to 'None'
[0.191s] Level 5:colcon.colcon_core.verb:set package 'ublox_gps' build argument 'cmake_target_skip_unavailable' from command line to 'False'
[0.191s] Level 5:colcon.colcon_core.verb:set package 'ublox_gps' build argument 'cmake_clean_cache' from command line to 'False'
[0.191s] Level 5:colcon.colcon_core.verb:set package 'ublox_gps' build argument 'cmake_clean_first' from command line to 'False'
[0.191s] Level 5:colcon.colcon_core.verb:set package 'ublox_gps' build argument 'cmake_force_configure' from command line to 'False'
[0.191s] Level 5:colcon.colcon_core.verb:set package 'ublox_gps' build argument 'ament_cmake_args' from command line to 'None'
[0.191s] Level 5:colcon.colcon_core.verb:set package 'ublox_gps' build argument 'catkin_cmake_args' from command line to 'None'
[0.191s] Level 5:colcon.colcon_core.verb:set package 'ublox_gps' build argument 'catkin_skip_building_tests' from command line to 'False'
[0.191s] DEBUG:colcon.colcon_core.verb:Building package 'ublox_gps' with the following arguments: {'ament_cmake_args': None, 'build_base': '/root/ros2_ws/build/ublox_gps', 'catkin_cmake_args': None, 'catkin_skip_building_tests': False, 'cmake_args': None, 'cmake_clean_cache': False, 'cmake_clean_first': False, 'cmake_force_configure': False, 'cmake_target': None, 'cmake_target_skip_unavailable': False, 'install_base': '/root/ros2_ws/install/ublox_gps', 'merge_install': False, 'path': '/root/ros2_ws/src/ros2-ublox-zedf9p/ublox_gps', 'symlink_install': False, 'test_result_base': None}
[0.191s] Level 5:colcon.colcon_core.verb:set package 'ublox' build argument 'cmake_args' from command line to 'None'
[0.191s] Level 5:colcon.colcon_core.verb:set package 'ublox' build argument 'cmake_target' from command line to 'None'
[0.191s] Level 5:colcon.colcon_core.verb:set package 'ublox' build argument 'cmake_target_skip_unavailable' from command line to 'False'
[0.191s] Level 5:colcon.colcon_core.verb:set package 'ublox' build argument 'cmake_clean_cache' from command line to 'False'
[0.191s] Level 5:colcon.colcon_core.verb:set package 'ublox' build argument 'cmake_clean_first' from command line to 'False'
[0.191s] Level 5:colcon.colcon_core.verb:set package 'ublox' build argument 'cmake_force_configure' from command line to 'False'
[0.191s] Level 5:colcon.colcon_core.verb:set package 'ublox' build argument 'ament_cmake_args' from command line to 'None'
[0.191s] Level 5:colcon.colcon_core.verb:set package 'ublox' build argument 'catkin_cmake_args' from command line to 'None'
[0.191s] Level 5:colcon.colcon_core.verb:set package 'ublox' build argument 'catkin_skip_building_tests' from command line to 'False'
[0.191s] DEBUG:colcon.colcon_core.verb:Building package 'ublox' with the following arguments: {'ament_cmake_args': None, 'build_base': '/root/ros2_ws/build/ublox', 'catkin_cmake_args': None, 'catkin_skip_building_tests': False, 'cmake_args': None, 'cmake_clean_cache': False, 'cmake_clean_first': False, 'cmake_force_configure': False, 'cmake_target': None, 'cmake_target_skip_unavailable': False, 'install_base': '/root/ros2_ws/install/ublox', 'merge_install': False, 'path': '/root/ros2_ws/src/ros2-ublox-zedf9p/ublox', 'symlink_install': False, 'test_result_base': None}
[0.192s] INFO:colcon.colcon_core.executor:Executing jobs using 'parallel' executor
[0.193s] DEBUG:colcon.colcon_parallel_executor.executor.parallel:run_until_complete
[0.193s] INFO:colcon.colcon_ros.task.ament_cmake.build:Building ROS package in '/root/ros2_ws/src/ros2-ublox-zedf9p/ublox_serialization' with build type 'ament_cmake'
[0.193s] INFO:colcon.colcon_cmake.task.cmake.build:Building CMake package in '/root/ros2_ws/src/ros2-ublox-zedf9p/ublox_serialization'
[0.195s] INFO:colcon.colcon_core.plugin_system:Skipping extension 'colcon_core.shell.bat': Not used on non-Windows systems
[0.195s] INFO:colcon.colcon_core.shell:Skip shell extension 'powershell' for command environment: Not usable outside of PowerShell
[0.195s] DEBUG:colcon.colcon_core.shell:Skip shell extension 'dsv' for command environment
[0.204s] DEBUG:colcon.colcon_core.event_handler.log_command:Invoking command in '/root/ros2_ws/build/ublox_serialization': CMAKE_PREFIX_PATH=${CMAKE_PREFIX_PATH}:/opt/ros/jazzy /usr/bin/cmake --build /root/ros2_ws/build/ublox_serialization -- -j12 -l12
[0.243s] DEBUG:colcon.colcon_core.event_handler.log_command:Invoked command in '/root/ros2_ws/build/ublox_serialization' returned '0': CMAKE_PREFIX_PATH=${CMAKE_PREFIX_PATH}:/opt/ros/jazzy /usr/bin/cmake --build /root/ros2_ws/build/ublox_serialization -- -j12 -l12
[0.252s] DEBUG:colcon.colcon_core.event_handler.log_command:Invoking command in '/root/ros2_ws/build/ublox_serialization': CMAKE_PREFIX_PATH=${CMAKE_PREFIX_PATH}:/opt/ros/jazzy /usr/bin/cmake --install /root/ros2_ws/build/ublox_serialization
[0.262s] Level 1:colcon.colcon_core.environment:create_environment_scripts_only(ublox_serialization)
[0.262s] DEBUG:colcon.colcon_core.event_handler.log_command:Invoked command in '/root/ros2_ws/build/ublox_serialization' returned '0': CMAKE_PREFIX_PATH=${CMAKE_PREFIX_PATH}:/opt/ros/jazzy /usr/bin/cmake --install /root/ros2_ws/build/ublox_serialization
[0.265s] Level 1:colcon.colcon_core.environment:checking '/root/ros2_ws/install/ublox_serialization' for CMake module files
[0.266s] Level 1:colcon.colcon_core.environment:checking '/root/ros2_ws/install/ublox_serialization' for CMake config files
[0.266s] Level 1:colcon.colcon_core.shell:create_environment_hook('ublox_serialization', 'cmake_prefix_path')
[0.266s] INFO:colcon.colcon_core.shell:Creating environment hook '/root/ros2_ws/install/ublox_serialization/share/ublox_serialization/hook/cmake_prefix_path.ps1'
[0.267s] INFO:colcon.colcon_core.shell:Creating environment descriptor '/root/ros2_ws/install/ublox_serialization/share/ublox_serialization/hook/cmake_prefix_path.dsv'
[0.267s] INFO:colcon.colcon_core.shell:Creating environment hook '/root/ros2_ws/install/ublox_serialization/share/ublox_serialization/hook/cmake_prefix_path.sh'
[0.268s] Level 1:colcon.colcon_core.environment:checking '/root/ros2_ws/install/ublox_serialization/bin'
[0.268s] Level 1:colcon.colcon_core.environment:checking '/root/ros2_ws/install/ublox_serialization/lib/pkgconfig/ublox_serialization.pc'
[0.270s] Level 1:colcon.colcon_core.environment:checking '/root/ros2_ws/install/ublox_serialization/lib/python3.12/site-packages'
[0.270s] Level 1:colcon.colcon_core.environment:checking '/root/ros2_ws/install/ublox_serialization/bin'
[0.270s] INFO:colcon.colcon_core.shell:Creating package script '/root/ros2_ws/install/ublox_serialization/share/ublox_serialization/package.ps1'
[0.270s] INFO:colcon.colcon_core.shell:Creating package descriptor '/root/ros2_ws/install/ublox_serialization/share/ublox_serialization/package.dsv'
[0.271s] INFO:colcon.colcon_core.shell:Creating package script '/root/ros2_ws/install/ublox_serialization/share/ublox_serialization/package.sh'
[0.272s] INFO:colcon.colcon_core.shell:Creating package script '/root/ros2_ws/install/ublox_serialization/share/ublox_serialization/package.bash'
[0.272s] INFO:colcon.colcon_core.shell:Creating package script '/root/ros2_ws/install/ublox_serialization/share/ublox_serialization/package.zsh'
[0.273s] Level 1:colcon.colcon_core.environment:create_file_with_runtime_dependencies(/root/ros2_ws/install/ublox_serialization/share/colcon-core/packages/ublox_serialization)
[0.273s] Level 1:colcon.colcon_core.environment:create_environment_scripts_only(ublox_serialization)
[0.273s] Level 1:colcon.colcon_core.environment:checking '/root/ros2_ws/install/ublox_serialization' for CMake module files
[0.273s] Level 1:colcon.colcon_core.environment:checking '/root/ros2_ws/install/ublox_serialization' for CMake config files
[0.274s] Level 1:colcon.colcon_core.shell:create_environment_hook('ublox_serialization', 'cmake_prefix_path')
[0.274s] INFO:colcon.colcon_core.shell:Creating environment hook '/root/ros2_ws/install/ublox_serialization/share/ublox_serialization/hook/cmake_prefix_path.ps1'
[0.274s] INFO:colcon.colcon_core.shell:Creating environment descriptor '/root/ros2_ws/install/ublox_serialization/share/ublox_serialization/hook/cmake_prefix_path.dsv'
[0.274s] INFO:colcon.colcon_core.shell:Creating environment hook '/root/ros2_ws/install/ublox_serialization/share/ublox_serialization/hook/cmake_prefix_path.sh'
[0.275s] Level 1:colcon.colcon_core.environment:checking '/root/ros2_ws/install/ublox_serialization/bin'
[0.275s] Level 1:colcon.colcon_core.environment:checking '/root/ros2_ws/install/ublox_serialization/lib/pkgconfig/ublox_serialization.pc'
[0.275s] Level 1:colcon.colcon_core.environment:checking '/root/ros2_ws/install/ublox_serialization/lib/python3.12/site-packages'
[0.275s] Level 1:colcon.colcon_core.environment:checking '/root/ros2_ws/install/ublox_serialization/bin'
[0.275s] INFO:colcon.colcon_core.shell:Creating package script '/root/ros2_ws/install/ublox_serialization/share/ublox_serialization/package.ps1'
[0.276s] INFO:colcon.colcon_core.shell:Creating package descriptor '/root/ros2_ws/install/ublox_serialization/share/ublox_serialization/package.dsv'
[0.276s] INFO:colcon.colcon_core.shell:Creating package script '/root/ros2_ws/install/ublox_serialization/share/ublox_serialization/package.sh'
[0.277s] INFO:colcon.colcon_core.shell:Creating package script '/root/ros2_ws/install/ublox_serialization/share/ublox_serialization/package.bash'
[0.277s] INFO:colcon.colcon_core.shell:Creating package script '/root/ros2_ws/install/ublox_serialization/share/ublox_serialization/package.zsh'
[0.277s] Level 1:colcon.colcon_core.environment:create_file_with_runtime_dependencies(/root/ros2_ws/install/ublox_serialization/share/colcon-core/packages/ublox_serialization)
[0.277s] INFO:colcon.colcon_ros.task.ament_cmake.build:Building ROS package in '/root/ros2_ws/src/ros2-ublox-zedf9p/ublox_msgs' with build type 'ament_cmake'
[0.278s] INFO:colcon.colcon_cmake.task.cmake.build:Building CMake package in '/root/ros2_ws/src/ros2-ublox-zedf9p/ublox_msgs'
[0.278s] INFO:colcon.colcon_core.shell:Skip shell extension 'powershell' for command environment: Not usable outside of PowerShell
[0.278s] DEBUG:colcon.colcon_core.shell:Skip shell extension 'dsv' for command environment
[0.288s] DEBUG:colcon.colcon_core.event_handler.log_command:Invoking command in '/root/ros2_ws/build/ublox_msgs': AMENT_PREFIX_PATH=/root/ros2_ws/install/ublox_serialization:${AMENT_PREFIX_PATH} CMAKE_PREFIX_PATH=/root/ros2_ws/install/ublox_serialization:/opt/ros/jazzy/opt/gz_sim_vendor:/opt/ros/jazzy/opt/gz_sensors_vendor:/opt/ros/jazzy/opt/gz_physics_vendor:/opt/ros/jazzy/opt/sdformat_vendor:/opt/ros/jazzy/opt/gz_gui_vendor:/opt/ros/jazzy/opt/gz_transport_vendor:/opt/ros/jazzy/opt/gz_rendering_vendor:/opt/ros/jazzy/opt/gz_plugin_vendor:/opt/ros/jazzy/opt/gz_fuel_tools_vendor:/opt/ros/jazzy/opt/gz_msgs_vendor:/opt/ros/jazzy/opt/gz_common_vendor:/opt/ros/jazzy/opt/gz_math_vendor:/opt/ros/jazzy/opt/gz_utils_vendor:/opt/ros/jazzy/opt/gz_tools_vendor:/opt/ros/jazzy/opt/gz_ogre_next_vendor:/opt/ros/jazzy/opt/gz_dartsim_vendor:/opt/ros/jazzy/opt/gz_cmake_vendor:/opt/ros/jazzy /usr/bin/cmake --build /root/ros2_ws/build/ublox_msgs -- -j12 -l12
[0.795s] DEBUG:colcon.colcon_core.event_handler.log_command:Invoked command in '/root/ros2_ws/build/ublox_msgs' returned '0': AMENT_PREFIX_PATH=/root/ros2_ws/install/ublox_serialization:${AMENT_PREFIX_PATH} CMAKE_PREFIX_PATH=/root/ros2_ws/install/ublox_serialization:/opt/ros/jazzy/opt/gz_sim_vendor:/opt/ros/jazzy/opt/gz_sensors_vendor:/opt/ros/jazzy/opt/gz_physics_vendor:/opt/ros/jazzy/opt/sdformat_vendor:/opt/ros/jazzy/opt/gz_gui_vendor:/opt/ros/jazzy/opt/gz_transport_vendor:/opt/ros/jazzy/opt/gz_rendering_vendor:/opt/ros/jazzy/opt/gz_plugin_vendor:/opt/ros/jazzy/opt/gz_fuel_tools_vendor:/opt/ros/jazzy/opt/gz_msgs_vendor:/opt/ros/jazzy/opt/gz_common_vendor:/opt/ros/jazzy/opt/gz_math_vendor:/opt/ros/jazzy/opt/gz_utils_vendor:/opt/ros/jazzy/opt/gz_tools_vendor:/opt/ros/jazzy/opt/gz_ogre_next_vendor:/opt/ros/jazzy/opt/gz_dartsim_vendor:/opt/ros/jazzy/opt/gz_cmake_vendor:/opt/ros/jazzy /usr/bin/cmake --build /root/ros2_ws/build/ublox_msgs -- -j12 -l12
[0.796s] DEBUG:colcon.colcon_core.event_handler.log_command:Invoking command in '/root/ros2_ws/build/ublox_msgs': AMENT_PREFIX_PATH=/root/ros2_ws/install/ublox_serialization:${AMENT_PREFIX_PATH} CMAKE_PREFIX_PATH=/root/ros2_ws/install/ublox_serialization:/opt/ros/jazzy/opt/gz_sim_vendor:/opt/ros/jazzy/opt/gz_sensors_vendor:/opt/ros/jazzy/opt/gz_physics_vendor:/opt/ros/jazzy/opt/sdformat_vendor:/opt/ros/jazzy/opt/gz_gui_vendor:/opt/ros/jazzy/opt/gz_transport_vendor:/opt/ros/jazzy/opt/gz_rendering_vendor:/opt/ros/jazzy/opt/gz_plugin_vendor:/opt/ros/jazzy/opt/gz_fuel_tools_vendor:/opt/ros/jazzy/opt/gz_msgs_vendor:/opt/ros/jazzy/opt/gz_common_vendor:/opt/ros/jazzy/opt/gz_math_vendor:/opt/ros/jazzy/opt/gz_utils_vendor:/opt/ros/jazzy/opt/gz_tools_vendor:/opt/ros/jazzy/opt/gz_ogre_next_vendor:/opt/ros/jazzy/opt/gz_dartsim_vendor:/opt/ros/jazzy/opt/gz_cmake_vendor:/opt/ros/jazzy /usr/bin/cmake --install /root/ros2_ws/build/ublox_msgs
[0.928s] Level 1:colcon.colcon_core.environment:create_environment_scripts_only(ublox_msgs)
[0.929s] Level 1:colcon.colcon_core.environment:checking '/root/ros2_ws/install/ublox_msgs' for CMake module files
[0.938s] DEBUG:colcon.colcon_core.event_handler.log_command:Invoked command in '/root/ros2_ws/build/ublox_msgs' returned '0': AMENT_PREFIX_PATH=/root/ros2_ws/install/ublox_serialization:${AMENT_PREFIX_PATH} CMAKE_PREFIX_PATH=/root/ros2_ws/install/ublox_serialization:/opt/ros/jazzy/opt/gz_sim_vendor:/opt/ros/jazzy/opt/gz_sensors_vendor:/opt/ros/jazzy/opt/gz_physics_vendor:/opt/ros/jazzy/opt/sdformat_vendor:/opt/ros/jazzy/opt/gz_gui_vendor:/opt/ros/jazzy/opt/gz_transport_vendor:/opt/ros/jazzy/opt/gz_rendering_vendor:/opt/ros/jazzy/opt/gz_plugin_vendor:/opt/ros/jazzy/opt/gz_fuel_tools_vendor:/opt/ros/jazzy/opt/gz_msgs_vendor:/opt/ros/jazzy/opt/gz_common_vendor:/opt/ros/jazzy/opt/gz_math_vendor:/opt/ros/jazzy/opt/gz_utils_vendor:/opt/ros/jazzy/opt/gz_tools_vendor:/opt/ros/jazzy/opt/gz_ogre_next_vendor:/opt/ros/jazzy/opt/gz_dartsim_vendor:/opt/ros/jazzy/opt/gz_cmake_vendor:/opt/ros/jazzy /usr/bin/cmake --install /root/ros2_ws/build/ublox_msgs
[0.938s] Level 1:colcon.colcon_core.environment:checking '/root/ros2_ws/install/ublox_msgs' for CMake config files
[0.939s] Level 1:colcon.colcon_core.shell:create_environment_hook('ublox_msgs', 'cmake_prefix_path')
[0.939s] INFO:colcon.colcon_core.shell:Creating environment hook '/root/ros2_ws/install/ublox_msgs/share/ublox_msgs/hook/cmake_prefix_path.ps1'
[0.939s] INFO:colcon.colcon_core.shell:Creating environment descriptor '/root/ros2_ws/install/ublox_msgs/share/ublox_msgs/hook/cmake_prefix_path.dsv'
[0.939s] INFO:colcon.colcon_core.shell:Creating environment hook '/root/ros2_ws/install/ublox_msgs/share/ublox_msgs/hook/cmake_prefix_path.sh'
[0.940s] Level 1:colcon.colcon_core.environment:checking '/root/ros2_ws/install/ublox_msgs/lib'
[0.940s] Level 1:colcon.colcon_core.shell:create_environment_hook('ublox_msgs', 'ld_library_path_lib')
[0.940s] INFO:colcon.colcon_core.shell:Creating environment hook '/root/ros2_ws/install/ublox_msgs/share/ublox_msgs/hook/ld_library_path_lib.ps1'
[0.941s] INFO:colcon.colcon_core.shell:Creating environment descriptor '/root/ros2_ws/install/ublox_msgs/share/ublox_msgs/hook/ld_library_path_lib.dsv'
[0.941s] INFO:colcon.colcon_core.shell:Creating environment hook '/root/ros2_ws/install/ublox_msgs/share/ublox_msgs/hook/ld_library_path_lib.sh'
[0.941s] Level 1:colcon.colcon_core.environment:checking '/root/ros2_ws/install/ublox_msgs/bin'
[0.941s] Level 1:colcon.colcon_core.environment:checking '/root/ros2_ws/install/ublox_msgs/lib/pkgconfig/ublox_msgs.pc'
[0.941s] Level 1:colcon.colcon_core.environment:checking '/root/ros2_ws/install/ublox_msgs/lib/python3.12/site-packages'
[0.942s] Level 1:colcon.colcon_core.shell:create_environment_hook('ublox_msgs', 'pythonpath')
[0.942s] INFO:colcon.colcon_core.shell:Creating environment hook '/root/ros2_ws/install/ublox_msgs/share/ublox_msgs/hook/pythonpath.ps1'
[0.942s] INFO:colcon.colcon_core.shell:Creating environment descriptor '/root/ros2_ws/install/ublox_msgs/share/ublox_msgs/hook/pythonpath.dsv'
[0.942s] INFO:colcon.colcon_core.shell:Creating environment hook '/root/ros2_ws/install/ublox_msgs/share/ublox_msgs/hook/pythonpath.sh'
[0.943s] Level 1:colcon.colcon_core.environment:checking '/root/ros2_ws/install/ublox_msgs/bin'
[0.943s] INFO:colcon.colcon_core.shell:Creating package script '/root/ros2_ws/install/ublox_msgs/share/ublox_msgs/package.ps1'
[0.943s] INFO:colcon.colcon_core.shell:Creating package descriptor '/root/ros2_ws/install/ublox_msgs/share/ublox_msgs/package.dsv'
[0.944s] INFO:colcon.colcon_core.shell:Creating package script '/root/ros2_ws/install/ublox_msgs/share/ublox_msgs/package.sh'
[0.944s] INFO:colcon.colcon_core.shell:Creating package script '/root/ros2_ws/install/ublox_msgs/share/ublox_msgs/package.bash'
[0.944s] INFO:colcon.colcon_core.shell:Creating package script '/root/ros2_ws/install/ublox_msgs/share/ublox_msgs/package.zsh'
[0.944s] Level 1:colcon.colcon_core.environment:create_file_with_runtime_dependencies(/root/ros2_ws/install/ublox_msgs/share/colcon-core/packages/ublox_msgs)
[0.945s] Level 1:colcon.colcon_core.environment:create_environment_scripts_only(ublox_msgs)
[0.945s] Level 1:colcon.colcon_core.environment:checking '/root/ros2_ws/install/ublox_msgs' for CMake module files
[0.946s] Level 1:colcon.colcon_core.environment:checking '/root/ros2_ws/install/ublox_msgs' for CMake config files
[0.946s] Level 1:colcon.colcon_core.shell:create_environment_hook('ublox_msgs', 'cmake_prefix_path')
[0.946s] INFO:colcon.colcon_core.shell:Creating environment hook '/root/ros2_ws/install/ublox_msgs/share/ublox_msgs/hook/cmake_prefix_path.ps1'
[0.946s] INFO:colcon.colcon_core.shell:Creating environment descriptor '/root/ros2_ws/install/ublox_msgs/share/ublox_msgs/hook/cmake_prefix_path.dsv'
[0.946s] INFO:colcon.colcon_core.shell:Creating environment hook '/root/ros2_ws/install/ublox_msgs/share/ublox_msgs/hook/cmake_prefix_path.sh'
[0.947s] Level 1:colcon.colcon_core.environment:checking '/root/ros2_ws/install/ublox_msgs/lib'
[0.947s] Level 1:colcon.colcon_core.shell:create_environment_hook('ublox_msgs', 'ld_library_path_lib')
[0.947s] INFO:colcon.colcon_core.shell:Creating environment hook '/root/ros2_ws/install/ublox_msgs/share/ublox_msgs/hook/ld_library_path_lib.ps1'
[0.947s] INFO:colcon.colcon_core.shell:Creating environment descriptor '/root/ros2_ws/install/ublox_msgs/share/ublox_msgs/hook/ld_library_path_lib.dsv'
[0.948s] INFO:colcon.colcon_core.shell:Creating environment hook '/root/ros2_ws/install/ublox_msgs/share/ublox_msgs/hook/ld_library_path_lib.sh'
[0.948s] Level 1:colcon.colcon_core.environment:checking '/root/ros2_ws/install/ublox_msgs/bin'
[0.948s] Level 1:colcon.colcon_core.environment:checking '/root/ros2_ws/install/ublox_msgs/lib/pkgconfig/ublox_msgs.pc'
[0.948s] Level 1:colcon.colcon_core.environment:checking '/root/ros2_ws/install/ublox_msgs/lib/python3.12/site-packages'
[0.948s] Level 1:colcon.colcon_core.shell:create_environment_hook('ublox_msgs', 'pythonpath')
[0.948s] INFO:colcon.colcon_core.shell:Creating environment hook '/root/ros2_ws/install/ublox_msgs/share/ublox_msgs/hook/pythonpath.ps1'
[0.949s] INFO:colcon.colcon_core.shell:Creating environment descriptor '/root/ros2_ws/install/ublox_msgs/share/ublox_msgs/hook/pythonpath.dsv'
[0.949s] INFO:colcon.colcon_core.shell:Creating environment hook '/root/ros2_ws/install/ublox_msgs/share/ublox_msgs/hook/pythonpath.sh'
[0.949s] Level 1:colcon.colcon_core.environment:checking '/root/ros2_ws/install/ublox_msgs/bin'
[0.950s] INFO:colcon.colcon_core.shell:Creating package script '/root/ros2_ws/install/ublox_msgs/share/ublox_msgs/package.ps1'
[0.950s] INFO:colcon.colcon_core.shell:Creating package descriptor '/root/ros2_ws/install/ublox_msgs/share/ublox_msgs/package.dsv'
[0.950s] INFO:colcon.colcon_core.shell:Creating package script '/root/ros2_ws/install/ublox_msgs/share/ublox_msgs/package.sh'
[0.951s] INFO:colcon.colcon_core.shell:Creating package script '/root/ros2_ws/install/ublox_msgs/share/ublox_msgs/package.bash'
[0.951s] INFO:colcon.colcon_core.shell:Creating package script '/root/ros2_ws/install/ublox_msgs/share/ublox_msgs/package.zsh'
[0.952s] Level 1:colcon.colcon_core.environment:create_file_with_runtime_dependencies(/root/ros2_ws/install/ublox_msgs/share/colcon-core/packages/ublox_msgs)
[0.952s] INFO:colcon.colcon_ros.task.ament_cmake.build:Building ROS package in '/root/ros2_ws/src/ros2-ublox-zedf9p/ublox_gps' with build type 'ament_cmake'
[0.952s] INFO:colcon.colcon_cmake.task.cmake.build:Building CMake package in '/root/ros2_ws/src/ros2-ublox-zedf9p/ublox_gps'
[0.952s] INFO:colcon.colcon_core.shell:Skip shell extension 'powershell' for command environment: Not usable outside of PowerShell
[0.952s] DEBUG:colcon.colcon_core.shell:Skip shell extension 'dsv' for command environment
[0.962s] DEBUG:colcon.colcon_core.event_handler.log_command:Invoking command in '/root/ros2_ws/build/ublox_gps': AMENT_PREFIX_PATH=/root/ros2_ws/install/ublox_msgs:/root/ros2_ws/install/ublox_serialization:${AMENT_PREFIX_PATH} CMAKE_PREFIX_PATH=/root/ros2_ws/install/ublox_msgs:/root/ros2_ws/install/ublox_serialization:/opt/ros/jazzy/opt/gz_sim_vendor:/opt/ros/jazzy/opt/gz_sensors_vendor:/opt/ros/jazzy/opt/gz_physics_vendor:/opt/ros/jazzy/opt/sdformat_vendor:/opt/ros/jazzy/opt/gz_gui_vendor:/opt/ros/jazzy/opt/gz_transport_vendor:/opt/ros/jazzy/opt/gz_rendering_vendor:/opt/ros/jazzy/opt/gz_plugin_vendor:/opt/ros/jazzy/opt/gz_fuel_tools_vendor:/opt/ros/jazzy/opt/gz_msgs_vendor:/opt/ros/jazzy/opt/gz_common_vendor:/opt/ros/jazzy/opt/gz_math_vendor:/opt/ros/jazzy/opt/gz_utils_vendor:/opt/ros/jazzy/opt/gz_tools_vendor:/opt/ros/jazzy/opt/gz_ogre_next_vendor:/opt/ros/jazzy/opt/gz_dartsim_vendor:/opt/ros/jazzy/opt/gz_cmake_vendor:/opt/ros/jazzy LD_LIBRARY_PATH=/root/ros2_ws/install/ublox_msgs/lib:${LD_LIBRARY_PATH} PYTHONPATH=/root/ros2_ws/install/ublox_msgs/lib/python3.12/site-packages:${PYTHONPATH} /usr/bin/cmake --build /root/ros2_ws/build/ublox_gps -- -j12 -l12
[1.122s] DEBUG:colcon.colcon_core.event_handler.log_command:Invoked command in '/root/ros2_ws/build/ublox_gps' returned '0': AMENT_PREFIX_PATH=/root/ros2_ws/install/ublox_msgs:/root/ros2_ws/install/ublox_serialization:${AMENT_PREFIX_PATH} CMAKE_PREFIX_PATH=/root/ros2_ws/install/ublox_msgs:/root/ros2_ws/install/ublox_serialization:/opt/ros/jazzy/opt/gz_sim_vendor:/opt/ros/jazzy/opt/gz_sensors_vendor:/opt/ros/jazzy/opt/gz_physics_vendor:/opt/ros/jazzy/opt/sdformat_vendor:/opt/ros/jazzy/opt/gz_gui_vendor:/opt/ros/jazzy/opt/gz_transport_vendor:/opt/ros/jazzy/opt/gz_rendering_vendor:/opt/ros/jazzy/opt/gz_plugin_vendor:/opt/ros/jazzy/opt/gz_fuel_tools_vendor:/opt/ros/jazzy/opt/gz_msgs_vendor:/opt/ros/jazzy/opt/gz_common_vendor:/opt/ros/jazzy/opt/gz_math_vendor:/opt/ros/jazzy/opt/gz_utils_vendor:/opt/ros/jazzy/opt/gz_tools_vendor:/opt/ros/jazzy/opt/gz_ogre_next_vendor:/opt/ros/jazzy/opt/gz_dartsim_vendor:/opt/ros/jazzy/opt/gz_cmake_vendor:/opt/ros/jazzy LD_LIBRARY_PATH=/root/ros2_ws/install/ublox_msgs/lib:${LD_LIBRARY_PATH} PYTHONPATH=/root/ros2_ws/install/ublox_msgs/lib/python3.12/site-packages:${PYTHONPATH} /usr/bin/cmake --build /root/ros2_ws/build/ublox_gps -- -j12 -l12
[1.123s] DEBUG:colcon.colcon_core.event_handler.log_command:Invoking command in '/root/ros2_ws/build/ublox_gps': AMENT_PREFIX_PATH=/root/ros2_ws/install/ublox_msgs:/root/ros2_ws/install/ublox_serialization:${AMENT_PREFIX_PATH} CMAKE_PREFIX_PATH=/root/ros2_ws/install/ublox_msgs:/root/ros2_ws/install/ublox_serialization:/opt/ros/jazzy/opt/gz_sim_vendor:/opt/ros/jazzy/opt/gz_sensors_vendor:/opt/ros/jazzy/opt/gz_physics_vendor:/opt/ros/jazzy/opt/sdformat_vendor:/opt/ros/jazzy/opt/gz_gui_vendor:/opt/ros/jazzy/opt/gz_transport_vendor:/opt/ros/jazzy/opt/gz_rendering_vendor:/opt/ros/jazzy/opt/gz_plugin_vendor:/opt/ros/jazzy/opt/gz_fuel_tools_vendor:/opt/ros/jazzy/opt/gz_msgs_vendor:/opt/ros/jazzy/opt/gz_common_vendor:/opt/ros/jazzy/opt/gz_math_vendor:/opt/ros/jazzy/opt/gz_utils_vendor:/opt/ros/jazzy/opt/gz_tools_vendor:/opt/ros/jazzy/opt/gz_ogre_next_vendor:/opt/ros/jazzy/opt/gz_dartsim_vendor:/opt/ros/jazzy/opt/gz_cmake_vendor:/opt/ros/jazzy LD_LIBRARY_PATH=/root/ros2_ws/install/ublox_msgs/lib:${LD_LIBRARY_PATH} PYTHONPATH=/root/ros2_ws/install/ublox_msgs/lib/python3.12/site-packages:${PYTHONPATH} /usr/bin/cmake --install /root/ros2_ws/build/ublox_gps
[1.140s] Level 1:colcon.colcon_core.environment:create_environment_scripts_only(ublox_gps)
[1.141s] Level 1:colcon.colcon_core.environment:checking '/root/ros2_ws/install/ublox_gps' for CMake module files
[1.141s] DEBUG:colcon.colcon_core.event_handler.log_command:Invoked command in '/root/ros2_ws/build/ublox_gps' returned '0': AMENT_PREFIX_PATH=/root/ros2_ws/install/ublox_msgs:/root/ros2_ws/install/ublox_serialization:${AMENT_PREFIX_PATH} CMAKE_PREFIX_PATH=/root/ros2_ws/install/ublox_msgs:/root/ros2_ws/install/ublox_serialization:/opt/ros/jazzy/opt/gz_sim_vendor:/opt/ros/jazzy/opt/gz_sensors_vendor:/opt/ros/jazzy/opt/gz_physics_vendor:/opt/ros/jazzy/opt/sdformat_vendor:/opt/ros/jazzy/opt/gz_gui_vendor:/opt/ros/jazzy/opt/gz_transport_vendor:/opt/ros/jazzy/opt/gz_rendering_vendor:/opt/ros/jazzy/opt/gz_plugin_vendor:/opt/ros/jazzy/opt/gz_fuel_tools_vendor:/opt/ros/jazzy/opt/gz_msgs_vendor:/opt/ros/jazzy/opt/gz_common_vendor:/opt/ros/jazzy/opt/gz_math_vendor:/opt/ros/jazzy/opt/gz_utils_vendor:/opt/ros/jazzy/opt/gz_tools_vendor:/opt/ros/jazzy/opt/gz_ogre_next_vendor:/opt/ros/jazzy/opt/gz_dartsim_vendor:/opt/ros/jazzy/opt/gz_cmake_vendor:/opt/ros/jazzy LD_LIBRARY_PATH=/root/ros2_ws/install/ublox_msgs/lib:${LD_LIBRARY_PATH} PYTHONPATH=/root/ros2_ws/install/ublox_msgs/lib/python3.12/site-packages:${PYTHONPATH} /usr/bin/cmake --install /root/ros2_ws/build/ublox_gps
[1.142s] Level 1:colcon.colcon_core.environment:checking '/root/ros2_ws/install/ublox_gps' for CMake config files
[1.142s] Level 1:colcon.colcon_core.shell:create_environment_hook('ublox_gps', 'cmake_prefix_path')
[1.143s] INFO:colcon.colcon_core.shell:Creating environment hook '/root/ros2_ws/install/ublox_gps/share/ublox_gps/hook/cmake_prefix_path.ps1'
[1.143s] INFO:colcon.colcon_core.shell:Creating environment descriptor '/root/ros2_ws/install/ublox_gps/share/ublox_gps/hook/cmake_prefix_path.dsv'
[1.144s] INFO:colcon.colcon_core.shell:Creating environment hook '/root/ros2_ws/install/ublox_gps/share/ublox_gps/hook/cmake_prefix_path.sh'
[1.144s] Level 1:colcon.colcon_core.environment:checking '/root/ros2_ws/install/ublox_gps/lib'
[1.144s] Level 1:colcon.colcon_core.shell:create_environment_hook('ublox_gps', 'ld_library_path_lib')
[1.145s] INFO:colcon.colcon_core.shell:Creating environment hook '/root/ros2_ws/install/ublox_gps/share/ublox_gps/hook/ld_library_path_lib.ps1'
[1.145s] INFO:colcon.colcon_core.shell:Creating environment descriptor '/root/ros2_ws/install/ublox_gps/share/ublox_gps/hook/ld_library_path_lib.dsv'
[1.145s] INFO:colcon.colcon_core.shell:Creating environment hook '/root/ros2_ws/install/ublox_gps/share/ublox_gps/hook/ld_library_path_lib.sh'
[1.146s] Level 1:colcon.colcon_core.environment:checking '/root/ros2_ws/install/ublox_gps/bin'
[1.146s] Level 1:colcon.colcon_core.environment:checking '/root/ros2_ws/install/ublox_gps/lib/pkgconfig/ublox_gps.pc'
[1.146s] Level 1:colcon.colcon_core.environment:checking '/root/ros2_ws/install/ublox_gps/lib/python3.12/site-packages'
[1.146s] Level 1:colcon.colcon_core.environment:checking '/root/ros2_ws/install/ublox_gps/bin'
[1.146s] INFO:colcon.colcon_core.shell:Creating package script '/root/ros2_ws/install/ublox_gps/share/ublox_gps/package.ps1'
[1.147s] INFO:colcon.colcon_core.shell:Creating package descriptor '/root/ros2_ws/install/ublox_gps/share/ublox_gps/package.dsv'
[1.147s] INFO:colcon.colcon_core.shell:Creating package script '/root/ros2_ws/install/ublox_gps/share/ublox_gps/package.sh'
[1.148s] INFO:colcon.colcon_core.shell:Creating package script '/root/ros2_ws/install/ublox_gps/share/ublox_gps/package.bash'
[1.148s] INFO:colcon.colcon_core.shell:Creating package script '/root/ros2_ws/install/ublox_gps/share/ublox_gps/package.zsh'
[1.148s] Level 1:colcon.colcon_core.environment:create_file_with_runtime_dependencies(/root/ros2_ws/install/ublox_gps/share/colcon-core/packages/ublox_gps)
[1.149s] Level 1:colcon.colcon_core.environment:create_environment_scripts_only(ublox_gps)
[1.149s] Level 1:colcon.colcon_core.environment:checking '/root/ros2_ws/install/ublox_gps' for CMake module files
[1.150s] Level 1:colcon.colcon_core.environment:checking '/root/ros2_ws/install/ublox_gps' for CMake config files
[1.150s] Level 1:colcon.colcon_core.shell:create_environment_hook('ublox_gps', 'cmake_prefix_path')
[1.150s] INFO:colcon.colcon_core.shell:Creating environment hook '/root/ros2_ws/install/ublox_gps/share/ublox_gps/hook/cmake_prefix_path.ps1'
[1.150s] INFO:colcon.colcon_core.shell:Creating environment descriptor '/root/ros2_ws/install/ublox_gps/share/ublox_gps/hook/cmake_prefix_path.dsv'
[1.151s] INFO:colcon.colcon_core.shell:Creating environment hook '/root/ros2_ws/install/ublox_gps/share/ublox_gps/hook/cmake_prefix_path.sh'
[1.151s] Level 1:colcon.colcon_core.environment:checking '/root/ros2_ws/install/ublox_gps/lib'
[1.151s] Level 1:colcon.colcon_core.shell:create_environment_hook('ublox_gps', 'ld_library_path_lib')
[1.151s] INFO:colcon.colcon_core.shell:Creating environment hook '/root/ros2_ws/install/ublox_gps/share/ublox_gps/hook/ld_library_path_lib.ps1'
[1.152s] INFO:colcon.colcon_core.shell:Creating environment descriptor '/root/ros2_ws/install/ublox_gps/share/ublox_gps/hook/ld_library_path_lib.dsv'
[1.152s] INFO:colcon.colcon_core.shell:Creating environment hook '/root/ros2_ws/install/ublox_gps/share/ublox_gps/hook/ld_library_path_lib.sh'
[1.153s] Level 1:colcon.colcon_core.environment:checking '/root/ros2_ws/install/ublox_gps/bin'
[1.153s] Level 1:colcon.colcon_core.environment:checking '/root/ros2_ws/install/ublox_gps/lib/pkgconfig/ublox_gps.pc'
[1.153s] Level 1:colcon.colcon_core.environment:checking '/root/ros2_ws/install/ublox_gps/lib/python3.12/site-packages'
[1.153s] Level 1:colcon.colcon_core.environment:checking '/root/ros2_ws/install/ublox_gps/bin'
[1.153s] INFO:colcon.colcon_core.shell:Creating package script '/root/ros2_ws/install/ublox_gps/share/ublox_gps/package.ps1'
[1.154s] INFO:colcon.colcon_core.shell:Creating package descriptor '/root/ros2_ws/install/ublox_gps/share/ublox_gps/package.dsv'
[1.154s] INFO:colcon.colcon_core.shell:Creating package script '/root/ros2_ws/install/ublox_gps/share/ublox_gps/package.sh'
[1.155s] INFO:colcon.colcon_core.shell:Creating package script '/root/ros2_ws/install/ublox_gps/share/ublox_gps/package.bash'
[1.155s] INFO:colcon.colcon_core.shell:Creating package script '/root/ros2_ws/install/ublox_gps/share/ublox_gps/package.zsh'
[1.156s] Level 1:colcon.colcon_core.environment:create_file_with_runtime_dependencies(/root/ros2_ws/install/ublox_gps/share/colcon-core/packages/ublox_gps)
[1.156s] INFO:colcon.colcon_ros.task.ament_cmake.build:Building ROS package in '/root/ros2_ws/src/ros2-ublox-zedf9p/ublox' with build type 'ament_cmake'
[1.156s] INFO:colcon.colcon_cmake.task.cmake.build:Building CMake package in '/root/ros2_ws/src/ros2-ublox-zedf9p/ublox'
[1.156s] INFO:colcon.colcon_core.shell:Skip shell extension 'powershell' for command environment: Not usable outside of PowerShell
[1.156s] DEBUG:colcon.colcon_core.shell:Skip shell extension 'dsv' for command environment
[1.171s] DEBUG:colcon.colcon_core.event_handler.log_command:Invoking command in '/root/ros2_ws/build/ublox': AMENT_PREFIX_PATH=/root/ros2_ws/install/ublox_gps:/root/ros2_ws/install/ublox_msgs:/root/ros2_ws/install/ublox_serialization:${AMENT_PREFIX_PATH} CMAKE_PREFIX_PATH=/root/ros2_ws/install/ublox_gps:/root/ros2_ws/install/ublox_msgs:/root/ros2_ws/install/ublox_serialization:/opt/ros/jazzy/opt/gz_sim_vendor:/opt/ros/jazzy/opt/gz_sensors_vendor:/opt/ros/jazzy/opt/gz_physics_vendor:/opt/ros/jazzy/opt/sdformat_vendor:/opt/ros/jazzy/opt/gz_gui_vendor:/opt/ros/jazzy/opt/gz_transport_vendor:/opt/ros/jazzy/opt/gz_rendering_vendor:/opt/ros/jazzy/opt/gz_plugin_vendor:/opt/ros/jazzy/opt/gz_fuel_tools_vendor:/opt/ros/jazzy/opt/gz_msgs_vendor:/opt/ros/jazzy/opt/gz_common_vendor:/opt/ros/jazzy/opt/gz_math_vendor:/opt/ros/jazzy/opt/gz_utils_vendor:/opt/ros/jazzy/opt/gz_tools_vendor:/opt/ros/jazzy/opt/gz_ogre_next_vendor:/opt/ros/jazzy/opt/gz_dartsim_vendor:/opt/ros/jazzy/opt/gz_cmake_vendor:/opt/ros/jazzy LD_LIBRARY_PATH=/root/ros2_ws/install/ublox_gps/lib:/root/ros2_ws/install/ublox_msgs/lib:${LD_LIBRARY_PATH} PYTHONPATH=/root/ros2_ws/install/ublox_msgs/lib/python3.12/site-packages:${PYTHONPATH} /usr/bin/cmake --build /root/ros2_ws/build/ublox -- -j12 -l12
[1.214s] DEBUG:colcon.colcon_core.event_handler.log_command:Invoked command in '/root/ros2_ws/build/ublox' returned '0': AMENT_PREFIX_PATH=/root/ros2_ws/install/ublox_gps:/root/ros2_ws/install/ublox_msgs:/root/ros2_ws/install/ublox_serialization:${AMENT_PREFIX_PATH} CMAKE_PREFIX_PATH=/root/ros2_ws/install/ublox_gps:/root/ros2_ws/install/ublox_msgs:/root/ros2_ws/install/ublox_serialization:/opt/ros/jazzy/opt/gz_sim_vendor:/opt/ros/jazzy/opt/gz_sensors_vendor:/opt/ros/jazzy/opt/gz_physics_vendor:/opt/ros/jazzy/opt/sdformat_vendor:/opt/ros/jazzy/opt/gz_gui_vendor:/opt/ros/jazzy/opt/gz_transport_vendor:/opt/ros/jazzy/opt/gz_rendering_vendor:/opt/ros/jazzy/opt/gz_plugin_vendor:/opt/ros/jazzy/opt/gz_fuel_tools_vendor:/opt/ros/jazzy/opt/gz_msgs_vendor:/opt/ros/jazzy/opt/gz_common_vendor:/opt/ros/jazzy/opt/gz_math_vendor:/opt/ros/jazzy/opt/gz_utils_vendor:/opt/ros/jazzy/opt/gz_tools_vendor:/opt/ros/jazzy/opt/gz_ogre_next_vendor:/opt/ros/jazzy/opt/gz_dartsim_vendor:/opt/ros/jazzy/opt/gz_cmake_vendor:/opt/ros/jazzy LD_LIBRARY_PATH=/root/ros2_ws/install/ublox_gps/lib:/root/ros2_ws/install/ublox_msgs/lib:${LD_LIBRARY_PATH} PYTHONPATH=/root/ros2_ws/install/ublox_msgs/lib/python3.12/site-packages:${PYTHONPATH} /usr/bin/cmake --build /root/ros2_ws/build/ublox -- -j12 -l12
[1.215s] DEBUG:colcon.colcon_core.event_handler.log_command:Invoking command in '/root/ros2_ws/build/ublox': AMENT_PREFIX_PATH=/root/ros2_ws/install/ublox_gps:/root/ros2_ws/install/ublox_msgs:/root/ros2_ws/install/ublox_serialization:${AMENT_PREFIX_PATH} CMAKE_PREFIX_PATH=/root/ros2_ws/install/ublox_gps:/root/ros2_ws/install/ublox_msgs:/root/ros2_ws/install/ublox_serialization:/opt/ros/jazzy/opt/gz_sim_vendor:/opt/ros/jazzy/opt/gz_sensors_vendor:/opt/ros/jazzy/opt/gz_physics_vendor:/opt/ros/jazzy/opt/sdformat_vendor:/opt/ros/jazzy/opt/gz_gui_vendor:/opt/ros/jazzy/opt/gz_transport_vendor:/opt/ros/jazzy/opt/gz_rendering_vendor:/opt/ros/jazzy/opt/gz_plugin_vendor:/opt/ros/jazzy/opt/gz_fuel_tools_vendor:/opt/ros/jazzy/opt/gz_msgs_vendor:/opt/ros/jazzy/opt/gz_common_vendor:/opt/ros/jazzy/opt/gz_math_vendor:/opt/ros/jazzy/opt/gz_utils_vendor:/opt/ros/jazzy/opt/gz_tools_vendor:/opt/ros/jazzy/opt/gz_ogre_next_vendor:/opt/ros/jazzy/opt/gz_dartsim_vendor:/opt/ros/jazzy/opt/gz_cmake_vendor:/opt/ros/jazzy LD_LIBRARY_PATH=/root/ros2_ws/install/ublox_gps/lib:/root/ros2_ws/install/ublox_msgs/lib:${LD_LIBRARY_PATH} PYTHONPATH=/root/ros2_ws/install/ublox_msgs/lib/python3.12/site-packages:${PYTHONPATH} /usr/bin/cmake --install /root/ros2_ws/build/ublox
[1.229s] Level 1:colcon.colcon_core.environment:create_environment_scripts_only(ublox)
[1.229s] Level 1:colcon.colcon_core.environment:checking '/root/ros2_ws/install/ublox' for CMake module files
[1.230s] DEBUG:colcon.colcon_core.event_handler.log_command:Invoked command in '/root/ros2_ws/build/ublox' returned '0': AMENT_PREFIX_PATH=/root/ros2_ws/install/ublox_gps:/root/ros2_ws/install/ublox_msgs:/root/ros2_ws/install/ublox_serialization:${AMENT_PREFIX_PATH} CMAKE_PREFIX_PATH=/root/ros2_ws/install/ublox_gps:/root/ros2_ws/install/ublox_msgs:/root/ros2_ws/install/ublox_serialization:/opt/ros/jazzy/opt/gz_sim_vendor:/opt/ros/jazzy/opt/gz_sensors_vendor:/opt/ros/jazzy/opt/gz_physics_vendor:/opt/ros/jazzy/opt/sdformat_vendor:/opt/ros/jazzy/opt/gz_gui_vendor:/opt/ros/jazzy/opt/gz_transport_vendor:/opt/ros/jazzy/opt/gz_rendering_vendor:/opt/ros/jazzy/opt/gz_plugin_vendor:/opt/ros/jazzy/opt/gz_fuel_tools_vendor:/opt/ros/jazzy/opt/gz_msgs_vendor:/opt/ros/jazzy/opt/gz_common_vendor:/opt/ros/jazzy/opt/gz_math_vendor:/opt/ros/jazzy/opt/gz_utils_vendor:/opt/ros/jazzy/opt/gz_tools_vendor:/opt/ros/jazzy/opt/gz_ogre_next_vendor:/opt/ros/jazzy/opt/gz_dartsim_vendor:/opt/ros/jazzy/opt/gz_cmake_vendor:/opt/ros/jazzy LD_LIBRARY_PATH=/root/ros2_ws/install/ublox_gps/lib:/root/ros2_ws/install/ublox_msgs/lib:${LD_LIBRARY_PATH} PYTHONPATH=/root/ros2_ws/install/ublox_msgs/lib/python3.12/site-packages:${PYTHONPATH} /usr/bin/cmake --install /root/ros2_ws/build/ublox
[1.231s] Level 1:colcon.colcon_core.environment:checking '/root/ros2_ws/install/ublox' for CMake config files
[1.231s] Level 1:colcon.colcon_core.shell:create_environment_hook('ublox', 'cmake_prefix_path')
[1.232s] INFO:colcon.colcon_core.shell:Creating environment hook '/root/ros2_ws/install/ublox/share/ublox/hook/cmake_prefix_path.ps1'
[1.232s] INFO:colcon.colcon_core.shell:Creating environment descriptor '/root/ros2_ws/install/ublox/share/ublox/hook/cmake_prefix_path.dsv'
[1.233s] INFO:colcon.colcon_core.shell:Creating environment hook '/root/ros2_ws/install/ublox/share/ublox/hook/cmake_prefix_path.sh'
[1.234s] Level 1:colcon.colcon_core.environment:checking '/root/ros2_ws/install/ublox/bin'
[1.234s] Level 1:colcon.colcon_core.environment:checking '/root/ros2_ws/install/ublox/lib/pkgconfig/ublox.pc'
[1.234s] Level 1:colcon.colcon_core.environment:checking '/root/ros2_ws/install/ublox/lib/python3.12/site-packages'
[1.234s] Level 1:colcon.colcon_core.environment:checking '/root/ros2_ws/install/ublox/bin'
[1.235s] INFO:colcon.colcon_core.shell:Creating package script '/root/ros2_ws/install/ublox/share/ublox/package.ps1'
[1.235s] INFO:colcon.colcon_core.shell:Creating package descriptor '/root/ros2_ws/install/ublox/share/ublox/package.dsv'
[1.236s] INFO:colcon.colcon_core.shell:Creating package script '/root/ros2_ws/install/ublox/share/ublox/package.sh'
[1.236s] INFO:colcon.colcon_core.shell:Creating package script '/root/ros2_ws/install/ublox/share/ublox/package.bash'
[1.237s] INFO:colcon.colcon_core.shell:Creating package script '/root/ros2_ws/install/ublox/share/ublox/package.zsh'
[1.237s] Level 1:colcon.colcon_core.environment:create_file_with_runtime_dependencies(/root/ros2_ws/install/ublox/share/colcon-core/packages/ublox)
[1.238s] Level 1:colcon.colcon_core.environment:create_environment_scripts_only(ublox)
[1.238s] Level 1:colcon.colcon_core.environment:checking '/root/ros2_ws/install/ublox' for CMake module files
[1.239s] Level 1:colcon.colcon_core.environment:checking '/root/ros2_ws/install/ublox' for CMake config files
[1.239s] Level 1:colcon.colcon_core.shell:create_environment_hook('ublox', 'cmake_prefix_path')
[1.239s] INFO:colcon.colcon_core.shell:Creating environment hook '/root/ros2_ws/install/ublox/share/ublox/hook/cmake_prefix_path.ps1'
[1.240s] INFO:colcon.colcon_core.shell:Creating environment descriptor '/root/ros2_ws/install/ublox/share/ublox/hook/cmake_prefix_path.dsv'
[1.240s] INFO:colcon.colcon_core.shell:Creating environment hook '/root/ros2_ws/install/ublox/share/ublox/hook/cmake_prefix_path.sh'
[1.241s] Level 1:colcon.colcon_core.environment:checking '/root/ros2_ws/install/ublox/bin'
[1.241s] Level 1:colcon.colcon_core.environment:checking '/root/ros2_ws/install/ublox/lib/pkgconfig/ublox.pc'
[1.241s] Level 1:colcon.colcon_core.environment:checking '/root/ros2_ws/install/ublox/lib/python3.12/site-packages'
[1.241s] Level 1:colcon.colcon_core.environment:checking '/root/ros2_ws/install/ublox/bin'
[1.242s] INFO:colcon.colcon_core.shell:Creating package script '/root/ros2_ws/install/ublox/share/ublox/package.ps1'
[1.242s] INFO:colcon.colcon_core.shell:Creating package descriptor '/root/ros2_ws/install/ublox/share/ublox/package.dsv'
[1.243s] INFO:colcon.colcon_core.shell:Creating package script '/root/ros2_ws/install/ublox/share/ublox/package.sh'
[1.243s] INFO:colcon.colcon_core.shell:Creating package script '/root/ros2_ws/install/ublox/share/ublox/package.bash'
[1.244s] INFO:colcon.colcon_core.shell:Creating package script '/root/ros2_ws/install/ublox/share/ublox/package.zsh'
[1.244s] Level 1:colcon.colcon_core.environment:create_file_with_runtime_dependencies(/root/ros2_ws/install/ublox/share/colcon-core/packages/ublox)
[1.245s] DEBUG:colcon.colcon_parallel_executor.executor.parallel:closing loop
[1.245s] DEBUG:colcon.colcon_parallel_executor.executor.parallel:loop closed
[1.245s] DEBUG:colcon.colcon_parallel_executor.executor.parallel:run_until_complete finished with '0'
[1.246s] DEBUG:colcon.colcon_core.event_reactor:joining thread
[1.255s] INFO:colcon.colcon_core.plugin_system:Skipping extension 'colcon_notification.desktop_notification.notify_send': Could not find 'notify-send'
[1.255s] INFO:colcon.colcon_core.plugin_system:Skipping extension 'colcon_notification.desktop_notification.terminal_notifier': Not used on non-Darwin systems
[1.256s] INFO:colcon.colcon_core.plugin_system:Skipping extension 'colcon_notification.desktop_notification.win32': Not used on non-Windows systems
[1.256s] INFO:colcon.colcon_notification.desktop_notification:Sending desktop notification using 'notify2'
[1.258s] DEBUG:colcon.colcon_notification.desktop_notification.notify2:Failed to initialize notify2: org.freedesktop.DBus.Error.Spawn.ExecFailed: /usr/bin/dbus-launch terminated abnormally without any error message
[1.258s] DEBUG:colcon.colcon_core.event_reactor:joined thread
[1.259s] INFO:colcon.colcon_core.shell:Creating prefix script '/root/ros2_ws/install/local_setup.ps1'
[1.260s] INFO:colcon.colcon_core.shell:Creating prefix util module '/root/ros2_ws/install/_local_setup_util_ps1.py'
[1.261s] INFO:colcon.colcon_core.shell:Creating prefix chain script '/root/ros2_ws/install/setup.ps1'
[1.262s] INFO:colcon.colcon_core.shell:Creating prefix script '/root/ros2_ws/install/local_setup.sh'
[1.263s] INFO:colcon.colcon_core.shell:Creating prefix util module '/root/ros2_ws/install/_local_setup_util_sh.py'
[1.263s] INFO:colcon.colcon_core.shell:Creating prefix chain script '/root/ros2_ws/install/setup.sh'
[1.264s] INFO:colcon.colcon_core.shell:Creating prefix script '/root/ros2_ws/install/local_setup.bash'
[1.265s] INFO:colcon.colcon_core.shell:Creating prefix chain script '/root/ros2_ws/install/setup.bash'
[1.266s] INFO:colcon.colcon_core.shell:Creating prefix script '/root/ros2_ws/install/local_setup.zsh'
[1.266s] INFO:colcon.colcon_core.shell:Creating prefix chain script '/root/ros2_ws/install/setup.zsh'
