[ 13%] Built target ublox_logger_node
[ 90%] Built target ublox_gps
[100%] Built target ublox_gps_node
-- Install configuration: ""
-- Up-to-date: /root/ros2_ws/install/ublox_gps/lib/libublox_gps.so
-- Up-to-date: /root/ros2_ws/install/ublox_gps/lib/ublox_gps/ublox_gps_node
-- Up-to-date: /root/ros2_ws/install/ublox_gps/lib/ublox_gps/ublox_logger
-- Up-to-date: /root/ros2_ws/install/ublox_gps/include
-- Up-to-date: /root/ros2_ws/install/ublox_gps/include/ublox_gps
-- Up-to-date: /root/ros2_ws/install/ublox_gps/include/ublox_gps/raw_data_pa.hpp
-- Up-to-date: /root/ros2_ws/install/ublox_gps/include/ublox_gps/fix_diagnostic.hpp
-- Up-to-date: /root/ros2_ws/install/ublox_gps/include/ublox_gps/utils.hpp
-- Up-to-date: /root/ros2_ws/install/ublox_gps/include/ublox_gps/ublox_topic_diagnostic.hpp
-- Up-to-date: /root/ros2_ws/install/ublox_gps/include/ublox_gps/mkgmtime.h
-- Up-to-date: /root/ros2_ws/install/ublox_gps/include/ublox_gps/node.hpp
-- Up-to-date: /root/ros2_ws/install/ublox_gps/include/ublox_gps/ublox_firmware7plus.hpp
-- Up-to-date: /root/ros2_ws/install/ublox_gps/include/ublox_gps/fts_product.hpp
-- Up-to-date: /root/ros2_ws/install/ublox_gps/include/ublox_gps/ublox_firmware6.hpp
-- Up-to-date: /root/ros2_ws/install/ublox_gps/include/ublox_gps/component_interface.hpp
-- Up-to-date: /root/ros2_ws/install/ublox_gps/include/ublox_gps/rtcm.hpp
-- Up-to-date: /root/ros2_ws/install/ublox_gps/include/ublox_gps/ublox_firmware7.hpp
-- Up-to-date: /root/ros2_ws/install/ublox_gps/include/ublox_gps/ublox_firmware.hpp
-- Up-to-date: /root/ros2_ws/install/ublox_gps/include/ublox_gps/hpg_rov_product.hpp
-- Up-to-date: /root/ros2_ws/install/ublox_gps/include/ublox_gps/gps.hpp
-- Up-to-date: /root/ros2_ws/install/ublox_gps/include/ublox_gps/adr_udr_product.hpp
-- Up-to-date: /root/ros2_ws/install/ublox_gps/include/ublox_gps/ublox_firmware8.hpp
-- Up-to-date: /root/ros2_ws/install/ublox_gps/include/ublox_gps/async_worker.hpp
-- Up-to-date: /root/ros2_ws/install/ublox_gps/include/ublox_gps/ublox_firmware9.hpp
-- Up-to-date: /root/ros2_ws/install/ublox_gps/include/ublox_gps/callback.hpp
-- Up-to-date: /root/ros2_ws/install/ublox_gps/include/ublox_gps/raw_data_product.hpp
-- Up-to-date: /root/ros2_ws/install/ublox_gps/include/ublox_gps/tim_product.hpp
-- Up-to-date: /root/ros2_ws/install/ublox_gps/include/ublox_gps/worker.hpp
-- Up-to-date: /root/ros2_ws/install/ublox_gps/include/ublox_gps/hp_pos_rec_product.hpp
-- Up-to-date: /root/ros2_ws/install/ublox_gps/include/ublox_gps/hpg_ref_product.hpp
-- Up-to-date: /root/ros2_ws/install/ublox_gps/include/ublox_gps/gnss.hpp
-- Up-to-date: /root/ros2_ws/install/ublox_gps/share/ublox_gps/launch
-- Up-to-date: /root/ros2_ws/install/ublox_gps/share/ublox_gps/launch/ublox_gps_node_zedf9p-launch.py
-- Up-to-date: /root/ros2_ws/install/ublox_gps/share/ublox_gps/launch/ublox_gps_node-composed-launch.py
-- Installing: /root/ros2_ws/install/ublox_gps/share/ublox_gps/launch/log
-- Installing: /root/ros2_ws/install/ublox_gps/share/ublox_gps/launch/log/latest_build
-- Installing: /root/ros2_ws/install/ublox_gps/share/ublox_gps/launch/log/latest
-- Installing: /root/ros2_ws/install/ublox_gps/share/ublox_gps/launch/log/build_2025-01-23_06-48-23
-- Installing: /root/ros2_ws/install/ublox_gps/share/ublox_gps/launch/log/build_2025-01-23_06-48-23/events.log
-- Installing: /root/ros2_ws/install/ublox_gps/share/ublox_gps/launch/log/build_2025-01-23_06-48-23/logger_all.log
-- Installing: /root/ros2_ws/install/ublox_gps/share/ublox_gps/launch/log/COLCON_IGNORE
-- Installing: /root/ros2_ws/install/ublox_gps/share/ublox_gps/launch/__pycache__
-- Installing: /root/ros2_ws/install/ublox_gps/share/ublox_gps/launch/__pycache__/ublox_gps_node_zedf9p-launch.cpython-312.pyc
-- Installing: /root/ros2_ws/install/ublox_gps/share/ublox_gps/launch/build
-- Installing: /root/ros2_ws/install/ublox_gps/share/ublox_gps/launch/build/.built_by
-- Installing: /root/ros2_ws/install/ublox_gps/share/ublox_gps/launch/build/COLCON_IGNORE
-- Installing: /root/ros2_ws/install/ublox_gps/share/ublox_gps/launch/install
-- Installing: /root/ros2_ws/install/ublox_gps/share/ublox_gps/launch/install/_local_setup_util_ps1.py
-- Installing: /root/ros2_ws/install/ublox_gps/share/ublox_gps/launch/install/setup.ps1
-- Installing: /root/ros2_ws/install/ublox_gps/share/ublox_gps/launch/install/setup.sh
-- Installing: /root/ros2_ws/install/ublox_gps/share/ublox_gps/launch/install/local_setup.zsh
-- Installing: /root/ros2_ws/install/ublox_gps/share/ublox_gps/launch/install/_local_setup_util_sh.py
-- Installing: /root/ros2_ws/install/ublox_gps/share/ublox_gps/launch/install/setup.zsh
-- Installing: /root/ros2_ws/install/ublox_gps/share/ublox_gps/launch/install/local_setup.ps1
-- Installing: /root/ros2_ws/install/ublox_gps/share/ublox_gps/launch/install/COLCON_IGNORE
-- Installing: /root/ros2_ws/install/ublox_gps/share/ublox_gps/launch/install/setup.bash
-- Installing: /root/ros2_ws/install/ublox_gps/share/ublox_gps/launch/install/.colcon_install_layout
-- Installing: /root/ros2_ws/install/ublox_gps/share/ublox_gps/launch/install/local_setup.bash
-- Installing: /root/ros2_ws/install/ublox_gps/share/ublox_gps/launch/install/local_setup.sh
-- Up-to-date: /root/ros2_ws/install/ublox_gps/share/ublox_gps/config
-- Installing: /root/ros2_ws/install/ublox_gps/share/ublox_gps/config/zed_f9p.yaml
-- Up-to-date: /root/ros2_ws/install/ublox_gps/share/ament_index/resource_index/package_run_dependencies/ublox_gps
-- Up-to-date: /root/ros2_ws/install/ublox_gps/share/ament_index/resource_index/parent_prefix_path/ublox_gps
-- Up-to-date: /root/ros2_ws/install/ublox_gps/share/ublox_gps/environment/ament_prefix_path.sh
-- Up-to-date: /root/ros2_ws/install/ublox_gps/share/ublox_gps/environment/ament_prefix_path.dsv
-- Up-to-date: /root/ros2_ws/install/ublox_gps/share/ublox_gps/environment/path.sh
-- Up-to-date: /root/ros2_ws/install/ublox_gps/share/ublox_gps/environment/path.dsv
-- Up-to-date: /root/ros2_ws/install/ublox_gps/share/ublox_gps/local_setup.bash
-- Up-to-date: /root/ros2_ws/install/ublox_gps/share/ublox_gps/local_setup.sh
-- Up-to-date: /root/ros2_ws/install/ublox_gps/share/ublox_gps/local_setup.zsh
-- Up-to-date: /root/ros2_ws/install/ublox_gps/share/ublox_gps/local_setup.dsv
-- Installing: /root/ros2_ws/install/ublox_gps/share/ublox_gps/package.dsv
-- Up-to-date: /root/ros2_ws/install/ublox_gps/share/ament_index/resource_index/packages/ublox_gps
-- Up-to-date: /root/ros2_ws/install/ublox_gps/share/ament_index/resource_index/rclcpp_components/ublox_gps
-- Up-to-date: /root/ros2_ws/install/ublox_gps/share/ublox_gps/cmake/ublox_gpsConfig.cmake
-- Up-to-date: /root/ros2_ws/install/ublox_gps/share/ublox_gps/cmake/ublox_gpsConfig-version.cmake
-- Up-to-date: /root/ros2_ws/install/ublox_gps/share/ublox_gps/package.xml
