[0.019s] Invoking command in '/root/ros2_ws/build/ublox_gps': CMAKE_PREFIX_PATH=/root/ros2_ws/install/ublox_msgs:/root/ros2_ws/install/ublox_serialization:/root/ros2_ws/install/ublox:/root/ros2_ws/install/ublox_gps:/opt/ros/jazzy/opt/gz_sim_vendor:/opt/ros/jazzy/opt/gz_sensors_vendor:/opt/ros/jazzy/opt/gz_physics_vendor:/opt/ros/jazzy/opt/sdformat_vendor:/opt/ros/jazzy/opt/gz_gui_vendor:/opt/ros/jazzy/opt/gz_transport_vendor:/opt/ros/jazzy/opt/gz_rendering_vendor:/opt/ros/jazzy/opt/gz_plugin_vendor:/opt/ros/jazzy/opt/gz_fuel_tools_vendor:/opt/ros/jazzy/opt/gz_msgs_vendor:/opt/ros/jazzy/opt/gz_common_vendor:/opt/ros/jazzy/opt/gz_math_vendor:/opt/ros/jazzy/opt/gz_utils_vendor:/opt/ros/jazzy/opt/gz_tools_vendor:/opt/ros/jazzy/opt/gz_ogre_next_vendor:/opt/ros/jazzy/opt/gz_dartsim_vendor:/opt/ros/jazzy/opt/gz_cmake_vendor:/opt/ros/jazzy LD_LIBRARY_PATH=/root/ros2_ws/install/ublox_msgs/lib:/root/ros2_ws/install/ublox_gps/lib:/opt/ros/jazzy/opt/gz_sim_vendor/lib:/opt/ros/jazzy/opt/gz_sensors_vendor/lib:/opt/ros/jazzy/opt/gz_physics_vendor/lib:/opt/ros/jazzy/opt/sdformat_vendor/lib:/opt/ros/jazzy/opt/rviz_ogre_vendor/lib:/opt/ros/jazzy/lib/x86_64-linux-gnu:/opt/ros/jazzy/opt/gz_gui_vendor/lib:/opt/ros/jazzy/opt/gz_transport_vendor/lib:/opt/ros/jazzy/opt/gz_rendering_vendor/lib:/opt/ros/jazzy/opt/gz_plugin_vendor/lib:/opt/ros/jazzy/opt/gz_fuel_tools_vendor/lib:/opt/ros/jazzy/opt/gz_msgs_vendor/lib:/opt/ros/jazzy/opt/gz_common_vendor/lib:/opt/ros/jazzy/opt/gz_math_vendor/lib:/opt/ros/jazzy/opt/gz_utils_vendor/lib:/opt/ros/jazzy/opt/gz_tools_vendor/lib:/opt/ros/jazzy/opt/gz_ogre_next_vendor/lib:/opt/ros/jazzy/opt/gz_dartsim_vendor/lib:/opt/ros/jazzy/opt/gz_cmake_vendor/lib:/opt/ros/jazzy/lib /usr/bin/cmake --build /root/ros2_ws/build/ublox_gps -- -j12 -l12
[0.117s] [ 13%] Built target ublox_logger_node
[0.170s] [ 90%] Built target ublox_gps
[0.210s] [100%] Built target ublox_gps_node
[0.225s] Invoked command in '/root/ros2_ws/build/ublox_gps' returned '0': CMAKE_PREFIX_PATH=/root/ros2_ws/install/ublox_msgs:/root/ros2_ws/install/ublox_serialization:/root/ros2_ws/install/ublox:/root/ros2_ws/install/ublox_gps:/opt/ros/jazzy/opt/gz_sim_vendor:/opt/ros/jazzy/opt/gz_sensors_vendor:/opt/ros/jazzy/opt/gz_physics_vendor:/opt/ros/jazzy/opt/sdformat_vendor:/opt/ros/jazzy/opt/gz_gui_vendor:/opt/ros/jazzy/opt/gz_transport_vendor:/opt/ros/jazzy/opt/gz_rendering_vendor:/opt/ros/jazzy/opt/gz_plugin_vendor:/opt/ros/jazzy/opt/gz_fuel_tools_vendor:/opt/ros/jazzy/opt/gz_msgs_vendor:/opt/ros/jazzy/opt/gz_common_vendor:/opt/ros/jazzy/opt/gz_math_vendor:/opt/ros/jazzy/opt/gz_utils_vendor:/opt/ros/jazzy/opt/gz_tools_vendor:/opt/ros/jazzy/opt/gz_ogre_next_vendor:/opt/ros/jazzy/opt/gz_dartsim_vendor:/opt/ros/jazzy/opt/gz_cmake_vendor:/opt/ros/jazzy LD_LIBRARY_PATH=/root/ros2_ws/install/ublox_msgs/lib:/root/ros2_ws/install/ublox_gps/lib:/opt/ros/jazzy/opt/gz_sim_vendor/lib:/opt/ros/jazzy/opt/gz_sensors_vendor/lib:/opt/ros/jazzy/opt/gz_physics_vendor/lib:/opt/ros/jazzy/opt/sdformat_vendor/lib:/opt/ros/jazzy/opt/rviz_ogre_vendor/lib:/opt/ros/jazzy/lib/x86_64-linux-gnu:/opt/ros/jazzy/opt/gz_gui_vendor/lib:/opt/ros/jazzy/opt/gz_transport_vendor/lib:/opt/ros/jazzy/opt/gz_rendering_vendor/lib:/opt/ros/jazzy/opt/gz_plugin_vendor/lib:/opt/ros/jazzy/opt/gz_fuel_tools_vendor/lib:/opt/ros/jazzy/opt/gz_msgs_vendor/lib:/opt/ros/jazzy/opt/gz_common_vendor/lib:/opt/ros/jazzy/opt/gz_math_vendor/lib:/opt/ros/jazzy/opt/gz_utils_vendor/lib:/opt/ros/jazzy/opt/gz_tools_vendor/lib:/opt/ros/jazzy/opt/gz_ogre_next_vendor/lib:/opt/ros/jazzy/opt/gz_dartsim_vendor/lib:/opt/ros/jazzy/opt/gz_cmake_vendor/lib:/opt/ros/jazzy/lib /usr/bin/cmake --build /root/ros2_ws/build/ublox_gps -- -j12 -l12
[0.226s] Invoking command in '/root/ros2_ws/build/ublox_gps': CMAKE_PREFIX_PATH=/root/ros2_ws/install/ublox_msgs:/root/ros2_ws/install/ublox_serialization:/root/ros2_ws/install/ublox:/root/ros2_ws/install/ublox_gps:/opt/ros/jazzy/opt/gz_sim_vendor:/opt/ros/jazzy/opt/gz_sensors_vendor:/opt/ros/jazzy/opt/gz_physics_vendor:/opt/ros/jazzy/opt/sdformat_vendor:/opt/ros/jazzy/opt/gz_gui_vendor:/opt/ros/jazzy/opt/gz_transport_vendor:/opt/ros/jazzy/opt/gz_rendering_vendor:/opt/ros/jazzy/opt/gz_plugin_vendor:/opt/ros/jazzy/opt/gz_fuel_tools_vendor:/opt/ros/jazzy/opt/gz_msgs_vendor:/opt/ros/jazzy/opt/gz_common_vendor:/opt/ros/jazzy/opt/gz_math_vendor:/opt/ros/jazzy/opt/gz_utils_vendor:/opt/ros/jazzy/opt/gz_tools_vendor:/opt/ros/jazzy/opt/gz_ogre_next_vendor:/opt/ros/jazzy/opt/gz_dartsim_vendor:/opt/ros/jazzy/opt/gz_cmake_vendor:/opt/ros/jazzy LD_LIBRARY_PATH=/root/ros2_ws/install/ublox_msgs/lib:/root/ros2_ws/install/ublox_gps/lib:/opt/ros/jazzy/opt/gz_sim_vendor/lib:/opt/ros/jazzy/opt/gz_sensors_vendor/lib:/opt/ros/jazzy/opt/gz_physics_vendor/lib:/opt/ros/jazzy/opt/sdformat_vendor/lib:/opt/ros/jazzy/opt/rviz_ogre_vendor/lib:/opt/ros/jazzy/lib/x86_64-linux-gnu:/opt/ros/jazzy/opt/gz_gui_vendor/lib:/opt/ros/jazzy/opt/gz_transport_vendor/lib:/opt/ros/jazzy/opt/gz_rendering_vendor/lib:/opt/ros/jazzy/opt/gz_plugin_vendor/lib:/opt/ros/jazzy/opt/gz_fuel_tools_vendor/lib:/opt/ros/jazzy/opt/gz_msgs_vendor/lib:/opt/ros/jazzy/opt/gz_common_vendor/lib:/opt/ros/jazzy/opt/gz_math_vendor/lib:/opt/ros/jazzy/opt/gz_utils_vendor/lib:/opt/ros/jazzy/opt/gz_tools_vendor/lib:/opt/ros/jazzy/opt/gz_ogre_next_vendor/lib:/opt/ros/jazzy/opt/gz_dartsim_vendor/lib:/opt/ros/jazzy/opt/gz_cmake_vendor/lib:/opt/ros/jazzy/lib /usr/bin/cmake --install /root/ros2_ws/build/ublox_gps
[0.237s] -- Install configuration: ""
[0.238s] -- Up-to-date: /root/ros2_ws/install/ublox_gps/lib/libublox_gps.so
[0.238s] -- Up-to-date: /root/ros2_ws/install/ublox_gps/lib/ublox_gps/ublox_gps_node
[0.239s] -- Up-to-date: /root/ros2_ws/install/ublox_gps/lib/ublox_gps/ublox_logger
[0.239s] -- Up-to-date: /root/ros2_ws/install/ublox_gps/include
[0.239s] -- Up-to-date: /root/ros2_ws/install/ublox_gps/include/ublox_gps
[0.239s] -- Up-to-date: /root/ros2_ws/install/ublox_gps/include/ublox_gps/raw_data_pa.hpp
[0.240s] -- Up-to-date: /root/ros2_ws/install/ublox_gps/include/ublox_gps/fix_diagnostic.hpp
[0.240s] -- Up-to-date: /root/ros2_ws/install/ublox_gps/include/ublox_gps/utils.hpp
[0.240s] -- Up-to-date: /root/ros2_ws/install/ublox_gps/include/ublox_gps/ublox_topic_diagnostic.hpp
[0.240s] -- Up-to-date: /root/ros2_ws/install/ublox_gps/include/ublox_gps/mkgmtime.h
[0.240s] -- Up-to-date: /root/ros2_ws/install/ublox_gps/include/ublox_gps/node.hpp
[0.240s] -- Up-to-date: /root/ros2_ws/install/ublox_gps/include/ublox_gps/ublox_firmware7plus.hpp
[0.241s] -- Up-to-date: /root/ros2_ws/install/ublox_gps/include/ublox_gps/fts_product.hpp
[0.241s] -- Up-to-date: /root/ros2_ws/install/ublox_gps/include/ublox_gps/ublox_firmware6.hpp
[0.241s] -- Up-to-date: /root/ros2_ws/install/ublox_gps/include/ublox_gps/component_interface.hpp
[0.241s] -- Up-to-date: /root/ros2_ws/install/ublox_gps/include/ublox_gps/rtcm.hpp
[0.241s] -- Up-to-date: /root/ros2_ws/install/ublox_gps/include/ublox_gps/ublox_firmware7.hpp
[0.241s] -- Up-to-date: /root/ros2_ws/install/ublox_gps/include/ublox_gps/ublox_firmware.hpp
[0.242s] -- Up-to-date: /root/ros2_ws/install/ublox_gps/include/ublox_gps/hpg_rov_product.hpp
[0.242s] -- Up-to-date: /root/ros2_ws/install/ublox_gps/include/ublox_gps/gps.hpp
[0.242s] -- Up-to-date: /root/ros2_ws/install/ublox_gps/include/ublox_gps/adr_udr_product.hpp
[0.242s] -- Up-to-date: /root/ros2_ws/install/ublox_gps/include/ublox_gps/ublox_firmware8.hpp
[0.242s] -- Up-to-date: /root/ros2_ws/install/ublox_gps/include/ublox_gps/async_worker.hpp
[0.242s] -- Up-to-date: /root/ros2_ws/install/ublox_gps/include/ublox_gps/ublox_firmware9.hpp
[0.242s] -- Up-to-date: /root/ros2_ws/install/ublox_gps/include/ublox_gps/callback.hpp
[0.242s] -- Up-to-date: /root/ros2_ws/install/ublox_gps/include/ublox_gps/raw_data_product.hpp
[0.242s] -- Up-to-date: /root/ros2_ws/install/ublox_gps/include/ublox_gps/tim_product.hpp
[0.242s] -- Up-to-date: /root/ros2_ws/install/ublox_gps/include/ublox_gps/worker.hpp
[0.243s] -- Up-to-date: /root/ros2_ws/install/ublox_gps/include/ublox_gps/hp_pos_rec_product.hpp
[0.243s] -- Up-to-date: /root/ros2_ws/install/ublox_gps/include/ublox_gps/hpg_ref_product.hpp
[0.243s] -- Up-to-date: /root/ros2_ws/install/ublox_gps/include/ublox_gps/gnss.hpp
[0.243s] -- Up-to-date: /root/ros2_ws/install/ublox_gps/share/ublox_gps/launch
[0.243s] -- Up-to-date: /root/ros2_ws/install/ublox_gps/share/ublox_gps/launch/ublox_gps_node_zedf9p-launch.py
[0.243s] -- Up-to-date: /root/ros2_ws/install/ublox_gps/share/ublox_gps/launch/ublox_gps_node-composed-launch.py
[0.243s] -- Up-to-date: /root/ros2_ws/install/ublox_gps/share/ublox_gps/launch/__pycache__
[0.243s] -- Up-to-date: /root/ros2_ws/install/ublox_gps/share/ublox_gps/launch/__pycache__/ublox_gps_node_zedf9p-launch.cpython-312.pyc
[0.243s] -- Up-to-date: /root/ros2_ws/install/ublox_gps/share/ublox_gps/launch/__pycache__/ublox_gps_node-composed-launch.cpython-312.pyc
[0.243s] -- Up-to-date: /root/ros2_ws/install/ublox_gps/share/ublox_gps/config
[0.243s] -- Up-to-date: /root/ros2_ws/install/ublox_gps/share/ublox_gps/config/zed_f9p.yaml
[0.244s] -- Up-to-date: /root/ros2_ws/install/ublox_gps/share/ament_index/resource_index/package_run_dependencies/ublox_gps
[0.244s] -- Up-to-date: /root/ros2_ws/install/ublox_gps/share/ament_index/resource_index/parent_prefix_path/ublox_gps
[0.244s] -- Up-to-date: /root/ros2_ws/install/ublox_gps/share/ublox_gps/environment/ament_prefix_path.sh
[0.244s] -- Up-to-date: /root/ros2_ws/install/ublox_gps/share/ublox_gps/environment/ament_prefix_path.dsv
[0.244s] -- Up-to-date: /root/ros2_ws/install/ublox_gps/share/ublox_gps/environment/path.sh
[0.244s] -- Up-to-date: /root/ros2_ws/install/ublox_gps/share/ublox_gps/environment/path.dsv
[0.244s] -- Up-to-date: /root/ros2_ws/install/ublox_gps/share/ublox_gps/local_setup.bash
[0.244s] -- Up-to-date: /root/ros2_ws/install/ublox_gps/share/ublox_gps/local_setup.sh
[0.244s] -- Up-to-date: /root/ros2_ws/install/ublox_gps/share/ublox_gps/local_setup.zsh
[0.245s] -- Up-to-date: /root/ros2_ws/install/ublox_gps/share/ublox_gps/local_setup.dsv
[0.245s] -- Installing: /root/ros2_ws/install/ublox_gps/share/ublox_gps/package.dsv
[0.245s] -- Up-to-date: /root/ros2_ws/install/ublox_gps/share/ament_index/resource_index/packages/ublox_gps
[0.245s] -- Up-to-date: /root/ros2_ws/install/ublox_gps/share/ament_index/resource_index/rclcpp_components/ublox_gps
[0.245s] -- Up-to-date: /root/ros2_ws/install/ublox_gps/share/ublox_gps/cmake/ublox_gpsConfig.cmake
[0.245s] -- Up-to-date: /root/ros2_ws/install/ublox_gps/share/ublox_gps/cmake/ublox_gpsConfig-version.cmake
[0.245s] -- Up-to-date: /root/ros2_ws/install/ublox_gps/share/ublox_gps/package.xml
[0.246s] Invoked command in '/root/ros2_ws/build/ublox_gps' returned '0': CMAKE_PREFIX_PATH=/root/ros2_ws/install/ublox_msgs:/root/ros2_ws/install/ublox_serialization:/root/ros2_ws/install/ublox:/root/ros2_ws/install/ublox_gps:/opt/ros/jazzy/opt/gz_sim_vendor:/opt/ros/jazzy/opt/gz_sensors_vendor:/opt/ros/jazzy/opt/gz_physics_vendor:/opt/ros/jazzy/opt/sdformat_vendor:/opt/ros/jazzy/opt/gz_gui_vendor:/opt/ros/jazzy/opt/gz_transport_vendor:/opt/ros/jazzy/opt/gz_rendering_vendor:/opt/ros/jazzy/opt/gz_plugin_vendor:/opt/ros/jazzy/opt/gz_fuel_tools_vendor:/opt/ros/jazzy/opt/gz_msgs_vendor:/opt/ros/jazzy/opt/gz_common_vendor:/opt/ros/jazzy/opt/gz_math_vendor:/opt/ros/jazzy/opt/gz_utils_vendor:/opt/ros/jazzy/opt/gz_tools_vendor:/opt/ros/jazzy/opt/gz_ogre_next_vendor:/opt/ros/jazzy/opt/gz_dartsim_vendor:/opt/ros/jazzy/opt/gz_cmake_vendor:/opt/ros/jazzy LD_LIBRARY_PATH=/root/ros2_ws/install/ublox_msgs/lib:/root/ros2_ws/install/ublox_gps/lib:/opt/ros/jazzy/opt/gz_sim_vendor/lib:/opt/ros/jazzy/opt/gz_sensors_vendor/lib:/opt/ros/jazzy/opt/gz_physics_vendor/lib:/opt/ros/jazzy/opt/sdformat_vendor/lib:/opt/ros/jazzy/opt/rviz_ogre_vendor/lib:/opt/ros/jazzy/lib/x86_64-linux-gnu:/opt/ros/jazzy/opt/gz_gui_vendor/lib:/opt/ros/jazzy/opt/gz_transport_vendor/lib:/opt/ros/jazzy/opt/gz_rendering_vendor/lib:/opt/ros/jazzy/opt/gz_plugin_vendor/lib:/opt/ros/jazzy/opt/gz_fuel_tools_vendor/lib:/opt/ros/jazzy/opt/gz_msgs_vendor/lib:/opt/ros/jazzy/opt/gz_common_vendor/lib:/opt/ros/jazzy/opt/gz_math_vendor/lib:/opt/ros/jazzy/opt/gz_utils_vendor/lib:/opt/ros/jazzy/opt/gz_tools_vendor/lib:/opt/ros/jazzy/opt/gz_ogre_next_vendor/lib:/opt/ros/jazzy/opt/gz_dartsim_vendor/lib:/opt/ros/jazzy/opt/gz_cmake_vendor/lib:/opt/ros/jazzy/lib /usr/bin/cmake --install /root/ros2_ws/build/ublox_gps
