[0.009s] Invoking command in '/root/ros2_ws/build/ublox_serialization': CMAKE_PREFIX_PATH=${CMAKE_PREFIX_PATH}:/opt/ros/jazzy /usr/bin/cmake /root/ros2_ws/src/ros2-ublox-zedf9p/ublox_serialization -DCMAKE_INSTALL_PREFIX=/root/ros2_ws/install/ublox_serialization
[0.063s] -- The C compiler identification is GNU 13.2.0
[0.118s] -- The CXX compiler identification is GNU 13.2.0
[0.132s] -- Detecting C compiler ABI info
[0.226s] -- Detecting C compiler ABI info - done
[0.237s] -- Check for working C compiler: /usr/bin/cc - skipped
[0.237s] -- Detecting C compile features
[0.238s] -- Detecting C compile features - done
[0.248s] -- Detecting CXX compiler ABI info
[0.349s] -- Detecting CXX compiler ABI info - done
[0.358s] -- Check for working CXX compiler: /usr/bin/c++ - skipped
[0.358s] -- Detecting CXX compile features
[0.358s] -- Detecting CXX compile features - done
[0.363s] -- Found ament_cmake: 2.5.2 (/opt/ros/jazzy/share/ament_cmake/cmake)
[0.509s] -- Found Python3: /usr/bin/python3 (found version "3.12.3") found components: Interpreter 
[0.712s] -- Configuring done (0.7s)
[0.714s] -- Generating done (0.0s)
[0.716s] -- Build files have been written to: /root/ros2_ws/build/ublox_serialization
[0.720s] Invoked command in '/root/ros2_ws/build/ublox_serialization' returned '0': CMAKE_PREFIX_PATH=${CMAKE_PREFIX_PATH}:/opt/ros/jazzy /usr/bin/cmake /root/ros2_ws/src/ros2-ublox-zedf9p/ublox_serialization -DCMAKE_INSTALL_PREFIX=/root/ros2_ws/install/ublox_serialization
[0.721s] Invoking command in '/root/ros2_ws/build/ublox_serialization': CMAKE_PREFIX_PATH=${CMAKE_PREFIX_PATH}:/opt/ros/jazzy /usr/bin/cmake --build /root/ros2_ws/build/ublox_serialization -- -j12 -l12
[0.759s] Invoked command in '/root/ros2_ws/build/ublox_serialization' returned '0': CMAKE_PREFIX_PATH=${CMAKE_PREFIX_PATH}:/opt/ros/jazzy /usr/bin/cmake --build /root/ros2_ws/build/ublox_serialization -- -j12 -l12
[0.768s] Invoking command in '/root/ros2_ws/build/ublox_serialization': CMAKE_PREFIX_PATH=${CMAKE_PREFIX_PATH}:/opt/ros/jazzy /usr/bin/cmake --install /root/ros2_ws/build/ublox_serialization
[0.777s] -- Install configuration: ""
[0.777s] -- Installing: /root/ros2_ws/install/ublox_serialization/include
[0.777s] -- Installing: /root/ros2_ws/install/ublox_serialization/include/ublox_serialization
[0.777s] -- Installing: /root/ros2_ws/install/ublox_serialization/include/ublox_serialization/serialization.hpp
[0.777s] -- Installing: /root/ros2_ws/install/ublox_serialization/include/ublox_serialization/checksum.hpp
[0.777s] -- Installing: /root/ros2_ws/install/ublox_serialization/share/ament_index/resource_index/package_run_dependencies/ublox_serialization
[0.777s] -- Installing: /root/ros2_ws/install/ublox_serialization/share/ament_index/resource_index/parent_prefix_path/ublox_serialization
[0.778s] -- Installing: /root/ros2_ws/install/ublox_serialization/share/ublox_serialization/environment/ament_prefix_path.sh
[0.778s] -- Installing: /root/ros2_ws/install/ublox_serialization/share/ublox_serialization/environment/ament_prefix_path.dsv
[0.778s] -- Installing: /root/ros2_ws/install/ublox_serialization/share/ublox_serialization/environment/path.sh
[0.778s] -- Installing: /root/ros2_ws/install/ublox_serialization/share/ublox_serialization/environment/path.dsv
[0.778s] -- Installing: /root/ros2_ws/install/ublox_serialization/share/ublox_serialization/local_setup.bash
[0.778s] -- Installing: /root/ros2_ws/install/ublox_serialization/share/ublox_serialization/local_setup.sh
[0.779s] -- Installing: /root/ros2_ws/install/ublox_serialization/share/ublox_serialization/local_setup.zsh
[0.779s] -- Installing: /root/ros2_ws/install/ublox_serialization/share/ublox_serialization/local_setup.dsv
[0.779s] -- Installing: /root/ros2_ws/install/ublox_serialization/share/ublox_serialization/package.dsv
[0.779s] -- Installing: /root/ros2_ws/install/ublox_serialization/share/ament_index/resource_index/packages/ublox_serialization
[0.779s] -- Installing: /root/ros2_ws/install/ublox_serialization/share/ublox_serialization/cmake/ament_cmake_export_include_directories-extras.cmake
[0.779s] -- Installing: /root/ros2_ws/install/ublox_serialization/share/ublox_serialization/cmake/ublox_serializationConfig.cmake
[0.779s] -- Installing: /root/ros2_ws/install/ublox_serialization/share/ublox_serialization/cmake/ublox_serializationConfig-version.cmake
[0.780s] -- Installing: /root/ros2_ws/install/ublox_serialization/share/ublox_serialization/package.xml
[0.781s] Invoked command in '/root/ros2_ws/build/ublox_serialization' returned '0': CMAKE_PREFIX_PATH=${CMAKE_PREFIX_PATH}:/opt/ros/jazzy /usr/bin/cmake --install /root/ros2_ws/build/ublox_serialization
