[0.013s] Invoking command in '/root/ros2_ws/build/ublox_serialization': CMAKE_PREFIX_PATH=${CMAKE_PREFIX_PATH}:/opt/ros/jazzy /usr/bin/cmake --build /root/ros2_ws/build/ublox_serialization -- -j12 -l12
[0.064s] Invoked command in '/root/ros2_ws/build/ublox_serialization' returned '0': CMAKE_PREFIX_PATH=${CMAKE_PREFIX_PATH}:/opt/ros/jazzy /usr/bin/cmake --build /root/ros2_ws/build/ublox_serialization -- -j12 -l12
[0.076s] Invoking command in '/root/ros2_ws/build/ublox_serialization': CMAKE_PREFIX_PATH=${CMAKE_PREFIX_PATH}:/opt/ros/jazzy /usr/bin/cmake --install /root/ros2_ws/build/ublox_serialization
[0.087s] -- Install configuration: ""
[0.088s] -- Up-to-date: /root/ros2_ws/install/ublox_serialization/include
[0.088s] -- Up-to-date: /root/ros2_ws/install/ublox_serialization/include/ublox_serialization
[0.088s] -- Up-to-date: /root/ros2_ws/install/ublox_serialization/include/ublox_serialization/serialization.hpp
[0.088s] -- Up-to-date: /root/ros2_ws/install/ublox_serialization/include/ublox_serialization/checksum.hpp
[0.088s] -- Up-to-date: /root/ros2_ws/install/ublox_serialization/share/ament_index/resource_index/package_run_dependencies/ublox_serialization
[0.088s] -- Up-to-date: /root/ros2_ws/install/ublox_serialization/share/ament_index/resource_index/parent_prefix_path/ublox_serialization
[0.089s] -- Up-to-date: /root/ros2_ws/install/ublox_serialization/share/ublox_serialization/environment/ament_prefix_path.sh
[0.089s] -- Up-to-date: /root/ros2_ws/install/ublox_serialization/share/ublox_serialization/environment/ament_prefix_path.dsv
[0.089s] -- Up-to-date: /root/ros2_ws/install/ublox_serialization/share/ublox_serialization/environment/path.sh
[0.089s] -- Up-to-date: /root/ros2_ws/install/ublox_serialization/share/ublox_serialization/environment/path.dsv
[0.089s] -- Up-to-date: /root/ros2_ws/install/ublox_serialization/share/ublox_serialization/local_setup.bash
[0.089s] -- Up-to-date: /root/ros2_ws/install/ublox_serialization/share/ublox_serialization/local_setup.sh
[0.089s] -- Up-to-date: /root/ros2_ws/install/ublox_serialization/share/ublox_serialization/local_setup.zsh
[0.089s] -- Up-to-date: /root/ros2_ws/install/ublox_serialization/share/ublox_serialization/local_setup.dsv
[0.090s] -- Installing: /root/ros2_ws/install/ublox_serialization/share/ublox_serialization/package.dsv
[0.090s] -- Up-to-date: /root/ros2_ws/install/ublox_serialization/share/ament_index/resource_index/packages/ublox_serialization
[0.090s] -- Up-to-date: /root/ros2_ws/install/ublox_serialization/share/ublox_serialization/cmake/ament_cmake_export_include_directories-extras.cmake
[0.090s] -- Up-to-date: /root/ros2_ws/install/ublox_serialization/share/ublox_serialization/cmake/ublox_serializationConfig.cmake
[0.090s] -- Up-to-date: /root/ros2_ws/install/ublox_serialization/share/ublox_serialization/cmake/ublox_serializationConfig-version.cmake
[0.090s] -- Up-to-date: /root/ros2_ws/install/ublox_serialization/share/ublox_serialization/package.xml
[0.091s] Invoked command in '/root/ros2_ws/build/ublox_serialization' returned '0': CMAKE_PREFIX_PATH=${CMAKE_PREFIX_PATH}:/opt/ros/jazzy /usr/bin/cmake --install /root/ros2_ws/build/ublox_serialization
